{"/home/travis/build/npmtest/node-npmtest-forms/test.js":{"path":"/home/travis/build/npmtest/node-npmtest-forms/test.js","s":{"1":2,"2":2,"3":2,"4":2,"5":2,"6":2,"7":2,"8":1,"9":2,"10":2,"11":1,"12":1,"13":1,"14":1,"15":2,"16":2,"17":2,"18":2,"19":1,"20":1,"21":2,"22":2,"23":2,"24":1,"25":1,"26":1,"27":1,"28":1,"29":1,"30":1,"31":1,"32":1,"33":1,"34":1,"35":1,"36":1,"37":2,"38":2,"39":1,"40":2,"41":2,"42":1,"43":2,"44":2,"45":1,"46":2,"47":2,"48":1,"49":1,"50":1,"51":1,"52":1},"b":{"1":[2,1,1,1],"2":[1,1,1,1],"3":[1,1],"4":[1,1],"5":[1,1],"6":[1,1],"7":[1,1],"8":[1,1],"9":[1,1,1],"10":[1,1],"11":[1,1],"12":[1,1],"13":[1,1],"14":[1,1],"15":[1,1],"16":[1,1]},"f":{"1":2,"2":2,"3":2,"4":2,"5":2,"6":1,"7":1,"8":2,"9":2,"10":2,"11":2,"12":1},"fnMap":{"1":{"name":"(anonymous_1)","line":12,"loc":{"start":{"line":12,"column":1},"end":{"line":12,"column":13}}},"2":{"name":"(anonymous_2)","line":19,"loc":{"start":{"line":19,"column":5},"end":{"line":19,"column":17}}},"3":{"name":"(anonymous_3)","line":23,"loc":{"start":{"line":23,"column":24},"end":{"line":23,"column":36}}},"4":{"name":"(anonymous_4)","line":61,"loc":{"start":{"line":61,"column":5},"end":{"line":61,"column":17}}},"5":{"name":"(anonymous_5)","line":82,"loc":{"start":{"line":82,"column":5},"end":{"line":82,"column":17}}},"6":{"name":"(anonymous_6)","line":102,"loc":{"start":{"line":102,"column":83},"end":{"line":105,"column":10}},"skip":true},"7":{"name":"(anonymous_7)","line":113,"loc":{"start":{"line":113,"column":77},"end":{"line":116,"column":10}},"skip":true},"8":{"name":"(anonymous_8)","line":129,"loc":{"start":{"line":129,"column":12},"end":{"line":129,"column":40}},"skip":true},"9":{"name":"(anonymous_9)","line":137,"loc":{"start":{"line":137,"column":77},"end":{"line":140,"column":10}},"skip":true},"10":{"name":"(anonymous_10)","line":148,"loc":{"start":{"line":148,"column":83},"end":{"line":151,"column":10}},"skip":true},"11":{"name":"(anonymous_11)","line":159,"loc":{"start":{"line":159,"column":79},"end":{"line":162,"column":10}},"skip":true},"12":{"name":"(anonymous_12)","line":170,"loc":{"start":{"line":170,"column":75},"end":{"line":173,"column":10}},"skip":true}},"statementMap":{"1":{"start":{"line":12,"column":0},"end":{"line":185,"column":5}},"2":{"start":{"line":14,"column":4},"end":{"line":14,"column":14}},"3":{"start":{"line":19,"column":4},"end":{"line":56,"column":9}},"4":{"start":{"line":21,"column":8},"end":{"line":21,"column":19}},"5":{"start":{"line":23,"column":8},"end":{"line":35,"column":13}},"6":{"start":{"line":24,"column":12},"end":{"line":34,"column":13}},"7":{"start":{"line":25,"column":16},"end":{"line":28,"column":30}},"8":{"start":{"line":30,"column":16},"end":{"line":33,"column":27}},"9":{"start":{"line":37,"column":8},"end":{"line":39,"column":21}},"10":{"start":{"line":40,"column":8},"end":{"line":53,"column":9}},"11":{"start":{"line":43,"column":12},"end":{"line":46,"column":14}},"12":{"start":{"line":47,"column":12},"end":{"line":47,"column":18}},"13":{"start":{"line":50,"column":12},"end":{"line":51,"column":46}},"14":{"start":{"line":52,"column":12},"end":{"line":52,"column":18}},"15":{"start":{"line":55,"column":8},"end":{"line":55,"column":35}},"16":{"start":{"line":61,"column":4},"end":{"line":63,"column":9}},"17":{"start":{"line":62,"column":8},"end":{"line":62,"column":15}},"18":{"start":{"line":64,"column":4},"end":{"line":77,"column":5}},"19":{"start":{"line":70,"column":8},"end":{"line":70,"column":14}},"20":{"start":{"line":76,"column":8},"end":{"line":76,"column":14}},"21":{"start":{"line":82,"column":4},"end":{"line":84,"column":9}},"22":{"start":{"line":83,"column":8},"end":{"line":83,"column":15}},"23":{"start":{"line":85,"column":4},"end":{"line":184,"column":5}},"24":{"start":{"line":92,"column":8},"end":{"line":94,"column":63}},"25":{"start":{"line":95,"column":8},"end":{"line":95,"column":14}},"26":{"start":{"line":102,"column":8},"end":{"line":111,"column":10},"skip":true},"27":{"start":{"line":109,"column":12},"end":{"line":109,"column":55},"skip":true},"28":{"start":{"line":110,"column":12},"end":{"line":110,"column":48},"skip":true},"29":{"start":{"line":113,"column":8},"end":{"line":126,"column":10},"skip":true},"30":{"start":{"line":120,"column":12},"end":{"line":120,"column":76},"skip":true},"31":{"start":{"line":121,"column":12},"end":{"line":121,"column":73},"skip":true},"32":{"start":{"line":122,"column":12},"end":{"line":122,"column":74},"skip":true},"33":{"start":{"line":123,"column":12},"end":{"line":123,"column":79},"skip":true},"34":{"start":{"line":124,"column":12},"end":{"line":124,"column":25},"skip":true},"35":{"start":{"line":125,"column":12},"end":{"line":125,"column":45},"skip":true},"36":{"start":{"line":128,"column":8},"end":{"line":135,"column":14},"skip":true},"37":{"start":{"line":133,"column":16},"end":{"line":133,"column":29},"skip":true},"38":{"start":{"line":134,"column":16},"end":{"line":134,"column":55},"skip":true},"39":{"start":{"line":137,"column":8},"end":{"line":146,"column":10},"skip":true},"40":{"start":{"line":144,"column":12},"end":{"line":144,"column":25},"skip":true},"41":{"start":{"line":145,"column":12},"end":{"line":145,"column":45},"skip":true},"42":{"start":{"line":148,"column":8},"end":{"line":157,"column":10},"skip":true},"43":{"start":{"line":155,"column":12},"end":{"line":155,"column":25},"skip":true},"44":{"start":{"line":156,"column":12},"end":{"line":156,"column":48},"skip":true},"45":{"start":{"line":159,"column":8},"end":{"line":168,"column":10},"skip":true},"46":{"start":{"line":166,"column":12},"end":{"line":166,"column":25},"skip":true},"47":{"start":{"line":167,"column":12},"end":{"line":167,"column":46},"skip":true},"48":{"start":{"line":170,"column":8},"end":{"line":179,"column":10},"skip":true},"49":{"start":{"line":177,"column":12},"end":{"line":177,"column":94},"skip":true},"50":{"start":{"line":178,"column":12},"end":{"line":178,"column":48},"skip":true},"51":{"start":{"line":182,"column":8},"end":{"line":182,"column":35},"skip":true},"52":{"start":{"line":183,"column":8},"end":{"line":183,"column":14},"skip":true}},"branchMap":{"1":{"line":25,"type":"binary-expr","locations":[{"start":{"line":25,"column":23},"end":{"line":25,"column":62}},{"start":{"line":26,"column":20},"end":{"line":26,"column":70}},{"start":{"line":27,"column":20},"end":{"line":27,"column":71}},{"start":{"line":28,"column":20},"end":{"line":28,"column":29}}]},"2":{"line":30,"type":"binary-expr","locations":[{"start":{"line":30,"column":23},"end":{"line":30,"column":37}},{"start":{"line":31,"column":20},"end":{"line":31,"column":61}},{"start":{"line":32,"column":20},"end":{"line":32,"column":70}},{"start":{"line":33,"column":20},"end":{"line":33,"column":26}}]},"3":{"line":37,"type":"cond-expr","locations":[{"start":{"line":38,"column":14},"end":{"line":38,"column":20}},{"start":{"line":39,"column":14},"end":{"line":39,"column":20}}]},"4":{"line":40,"type":"switch","locations":[{"start":{"line":42,"column":8},"end":{"line":47,"column":18}},{"start":{"line":49,"column":8},"end":{"line":52,"column":18}}]},"5":{"line":44,"type":"binary-expr","locations":[{"start":{"line":44,"column":16},"end":{"line":44,"column":44}},{"start":{"line":44,"column":48},"end":{"line":44,"column":66}}]},"6":{"line":50,"type":"binary-expr","locations":[{"start":{"line":50,"column":21},"end":{"line":50,"column":49}},{"start":{"line":50,"column":53},"end":{"line":50,"column":72}}]},"7":{"line":64,"type":"switch","locations":[{"start":{"line":69,"column":4},"end":{"line":70,"column":14}},{"start":{"line":75,"column":4},"end":{"line":76,"column":14}}]},"8":{"line":85,"type":"switch","locations":[{"start":{"line":90,"column":4},"end":{"line":95,"column":14}},{"start":{"line":101,"column":4},"end":{"line":183,"column":14},"skip":true}]},"9":{"line":92,"type":"binary-expr","locations":[{"start":{"line":92,"column":18},"end":{"line":92,"column":32}},{"start":{"line":93,"column":12},"end":{"line":93,"column":53}},{"start":{"line":94,"column":12},"end":{"line":94,"column":61}}]},"10":{"line":102,"type":"binary-expr","locations":[{"start":{"line":102,"column":45},"end":{"line":102,"column":79},"skip":true},{"start":{"line":102,"column":83},"end":{"line":111,"column":9},"skip":true}]},"11":{"line":113,"type":"binary-expr","locations":[{"start":{"line":113,"column":42},"end":{"line":113,"column":73},"skip":true},{"start":{"line":113,"column":77},"end":{"line":126,"column":9},"skip":true}]},"12":{"line":128,"type":"binary-expr","locations":[{"start":{"line":128,"column":48},"end":{"line":128,"column":85},"skip":true},{"start":{"line":129,"column":12},"end":{"line":135,"column":13},"skip":true}]},"13":{"line":137,"type":"binary-expr","locations":[{"start":{"line":137,"column":42},"end":{"line":137,"column":73},"skip":true},{"start":{"line":137,"column":77},"end":{"line":146,"column":9},"skip":true}]},"14":{"line":148,"type":"binary-expr","locations":[{"start":{"line":148,"column":45},"end":{"line":148,"column":79},"skip":true},{"start":{"line":148,"column":83},"end":{"line":157,"column":9},"skip":true}]},"15":{"line":159,"type":"binary-expr","locations":[{"start":{"line":159,"column":43},"end":{"line":159,"column":75},"skip":true},{"start":{"line":159,"column":79},"end":{"line":168,"column":9},"skip":true}]},"16":{"line":170,"type":"binary-expr","locations":[{"start":{"line":170,"column":41},"end":{"line":170,"column":71},"skip":true},{"start":{"line":170,"column":75},"end":{"line":179,"column":9},"skip":true}]}},"code":["/* istanbul instrument in package npmtest_forms */","/*jslint","    bitwise: true,","    browser: true,","    maxerr: 8,","    maxlen: 96,","    node: true,","    nomen: true,","    regexp: true,","    stupid: true","*/","(function () {","    'use strict';","    var local;","","","","    // run shared js-env code - pre-init","    (function () {","        // init local","        local = {};","        // init modeJs","        local.modeJs = (function () {","            try {","                return typeof navigator.userAgent === 'string' &&","                    typeof document.querySelector('body') === 'object' &&","                    typeof XMLHttpRequest.prototype.open === 'function' &&","                    'browser';","            } catch (errorCaughtBrowser) {","                return module.exports &&","                    typeof process.versions.node === 'string' &&","                    typeof require('http').createServer === 'function' &&","                    'node';","            }","        }());","        // init global","        local.global = local.modeJs === 'browser'","            ? window","            : global;","        switch (local.modeJs) {","        // re-init local from window.local","        case 'browser':","            local = local.global.utility2.objectSetDefault(","                local.global.utility2_rollup || local.global.local,","                local.global.utility2","            );","            break;","        // re-init local from example.js","        case 'node':","            local = (local.global.utility2_rollup || require('utility2'))","                .requireExampleJsFromReadme();","            break;","        }","        // export local","        local.global.local = local;","    }());","","","","    // run shared js-env code - function","    (function () {","        return;","    }());","    switch (local.modeJs) {","","","","    // run browser js-env code - function","    case 'browser':","        break;","","","","    // run node js-env code - function","    case 'node':","        break;","    }","","","","    // run shared js-env code - post-init","    (function () {","        return;","    }());","    switch (local.modeJs) {","","","","    // run browser js-env code - post-init","    case 'browser':","        // run tests","        local.nop(local.modeTest &&","            document.querySelector('#testRunButton1') &&","            document.querySelector('#testRunButton1').click());","        break;","","","","    // run node js-env code - post-init","    /* istanbul ignore next */","    case 'node':","        local.testCase_buildApidoc_default = local.testCase_buildApidoc_default || function (","            options,","            onError","        ) {","        /*","         * this function will test buildApidoc's default handling-behavior-behavior","         */","            options = { modulePathList: module.paths };","            local.buildApidoc(options, onError);","        };","","        local.testCase_buildApp_default = local.testCase_buildApp_default || function (","            options,","            onError","        ) {","        /*","         * this function will test buildApp's default handling-behavior-behavior","         */","            local.testCase_buildReadme_default(options, local.onErrorThrow);","            local.testCase_buildLib_default(options, local.onErrorThrow);","            local.testCase_buildTest_default(options, local.onErrorThrow);","            local.testCase_buildCustomOrg_default(options, local.onErrorThrow);","            options = [];","            local.buildApp(options, onError);","        };","","        local.testCase_buildCustomOrg_default = local.testCase_buildCustomOrg_default ||","            function (options, onError) {","            /*","             * this function will test buildCustomOrg's default handling-behavior","             */","                options = {};","                local.buildCustomOrg(options, onError);","            };","","        local.testCase_buildLib_default = local.testCase_buildLib_default || function (","            options,","            onError","        ) {","        /*","         * this function will test buildLib's default handling-behavior","         */","            options = {};","            local.buildLib(options, onError);","        };","","        local.testCase_buildReadme_default = local.testCase_buildReadme_default || function (","            options,","            onError","        ) {","        /*","         * this function will test buildReadme's default handling-behavior-behavior","         */","            options = {};","            local.buildReadme(options, onError);","        };","","        local.testCase_buildTest_default = local.testCase_buildTest_default || function (","            options,","            onError","        ) {","        /*","         * this function will test buildTest's default handling-behavior","         */","            options = {};","            local.buildTest(options, onError);","        };","","        local.testCase_webpage_default = local.testCase_webpage_default || function (","            options,","            onError","        ) {","        /*","         * this function will test webpage's default handling-behavior","         */","            options = { modeCoverageMerge: true, url: local.serverLocalHost + '?modeTest=1' };","            local.browserTest(options, onError);","        };","","        // run test-server","        local.testRunServer(local);","        break;","    }","}());",""],"l":{"12":2,"14":2,"19":2,"21":2,"23":2,"24":2,"25":2,"30":1,"37":2,"40":2,"43":1,"47":1,"50":1,"52":1,"55":2,"61":2,"62":2,"64":2,"70":1,"76":1,"82":2,"83":2,"85":2,"92":1,"95":1,"102":1,"109":1,"110":1,"113":1,"120":1,"121":1,"122":1,"123":1,"124":1,"125":1,"128":1,"133":2,"134":2,"137":1,"144":2,"145":2,"148":1,"155":2,"156":2,"159":1,"166":2,"167":2,"170":1,"177":1,"178":1,"182":1,"183":1}},"/home/travis/build/npmtest/node-npmtest-forms/lib.npmtest_forms.js":{"path":"/home/travis/build/npmtest/node-npmtest-forms/lib.npmtest_forms.js","s":{"1":2,"2":2,"3":2,"4":2,"5":2,"6":2,"7":2,"8":1,"9":2,"10":2,"11":2,"12":2,"13":1,"14":1,"15":1,"16":1},"b":{"1":[2,1,1,1],"2":[1,1,1,1],"3":[1,1],"4":[2,2],"5":[1,1]},"f":{"1":2,"2":2,"3":2},"fnMap":{"1":{"name":"(anonymous_1)","line":12,"loc":{"start":{"line":12,"column":1},"end":{"line":12,"column":13}}},"2":{"name":"(anonymous_2)","line":19,"loc":{"start":{"line":19,"column":5},"end":{"line":19,"column":17}}},"3":{"name":"(anonymous_3)","line":23,"loc":{"start":{"line":23,"column":24},"end":{"line":23,"column":36}}}},"statementMap":{"1":{"start":{"line":12,"column":0},"end":{"line":53,"column":5}},"2":{"start":{"line":14,"column":4},"end":{"line":14,"column":14}},"3":{"start":{"line":19,"column":4},"end":{"line":52,"column":9}},"4":{"start":{"line":21,"column":8},"end":{"line":21,"column":19}},"5":{"start":{"line":23,"column":8},"end":{"line":35,"column":13}},"6":{"start":{"line":24,"column":12},"end":{"line":34,"column":13}},"7":{"start":{"line":25,"column":16},"end":{"line":28,"column":30}},"8":{"start":{"line":30,"column":16},"end":{"line":33,"column":27}},"9":{"start":{"line":37,"column":8},"end":{"line":39,"column":21}},"10":{"start":{"line":41,"column":8},"end":{"line":41,"column":54}},"11":{"start":{"line":43,"column":8},"end":{"line":43,"column":50}},"12":{"start":{"line":45,"column":8},"end":{"line":51,"column":9}},"13":{"start":{"line":46,"column":12},"end":{"line":46,"column":56}},"14":{"start":{"line":48,"column":12},"end":{"line":48,"column":35}},"15":{"start":{"line":49,"column":12},"end":{"line":49,"column":49}},"16":{"start":{"line":50,"column":12},"end":{"line":50,"column":43}}},"branchMap":{"1":{"line":25,"type":"binary-expr","locations":[{"start":{"line":25,"column":23},"end":{"line":25,"column":62}},{"start":{"line":26,"column":20},"end":{"line":26,"column":70}},{"start":{"line":27,"column":20},"end":{"line":27,"column":71}},{"start":{"line":28,"column":20},"end":{"line":28,"column":29}}]},"2":{"line":30,"type":"binary-expr","locations":[{"start":{"line":30,"column":23},"end":{"line":30,"column":37}},{"start":{"line":31,"column":20},"end":{"line":31,"column":61}},{"start":{"line":32,"column":20},"end":{"line":32,"column":70}},{"start":{"line":33,"column":20},"end":{"line":33,"column":26}}]},"3":{"line":37,"type":"cond-expr","locations":[{"start":{"line":38,"column":14},"end":{"line":38,"column":20}},{"start":{"line":39,"column":14},"end":{"line":39,"column":20}}]},"4":{"line":41,"type":"binary-expr","locations":[{"start":{"line":41,"column":16},"end":{"line":41,"column":44}},{"start":{"line":41,"column":48},"end":{"line":41,"column":53}}]},"5":{"line":45,"type":"if","locations":[{"start":{"line":45,"column":8},"end":{"line":45,"column":8}},{"start":{"line":45,"column":8},"end":{"line":45,"column":8}}]}},"code":["/* istanbul instrument in package npmtest_forms */","/*jslint","    bitwise: true,","    browser: true,","    maxerr: 8,","    maxlen: 96,","    node: true,","    nomen: true,","    regexp: true,","    stupid: true","*/","(function () {","    'use strict';","    var local;","","","","    // run shared js-env code - pre-init","    (function () {","        // init local","        local = {};","        // init modeJs","        local.modeJs = (function () {","            try {","                return typeof navigator.userAgent === 'string' &&","                    typeof document.querySelector('body') === 'object' &&","                    typeof XMLHttpRequest.prototype.open === 'function' &&","                    'browser';","            } catch (errorCaughtBrowser) {","                return module.exports &&","                    typeof process.versions.node === 'string' &&","                    typeof require('http').createServer === 'function' &&","                    'node';","            }","        }());","        // init global","        local.global = local.modeJs === 'browser'","            ? window","            : global;","        // init utility2_rollup","        local = local.global.utility2_rollup || local;","        // init lib","        local.local = local.npmtest_forms = local;","        // init exports","        if (local.modeJs === 'browser') {","            local.global.utility2_npmtest_forms = local;","        } else {","            module.exports = local;","            module.exports.__dirname = __dirname;","            module.exports.module = module;","        }","    }());","}());",""],"l":{"12":2,"14":2,"19":2,"21":2,"23":2,"24":2,"25":2,"30":1,"37":2,"41":2,"43":2,"45":2,"46":1,"48":1,"49":1,"50":1}},"/home/travis/build/npmtest/node-npmtest-forms/example.js":{"path":"/home/travis/build/npmtest/node-npmtest-forms/example.js","s":{"1":2,"2":2,"3":2,"4":2,"5":2,"6":2,"7":2,"8":1,"9":2,"10":2,"11":2,"12":2,"13":1,"14":2,"15":2,"16":2,"17":2,"18":2,"19":0,"20":2,"21":1,"22":1,"23":1,"24":1,"25":1,"26":0,"27":0,"28":1,"29":1,"30":2,"31":0,"32":0,"33":0,"34":1,"35":2,"36":2,"37":2,"38":2,"39":2,"40":2,"41":0,"42":2,"43":2,"44":2,"45":1,"46":3,"47":1,"48":1,"49":1,"50":1,"51":1,"52":1,"53":1,"54":1,"55":1,"56":1,"57":0,"58":1,"59":6,"60":6,"61":1,"62":2,"63":0,"64":2,"65":1,"66":1,"67":0,"68":0,"69":0,"70":0,"71":0,"72":0,"73":0,"74":0,"75":0,"76":0,"77":0,"78":0,"79":0,"80":0,"81":0,"82":0,"83":0},"b":{"1":[2,1,1,1],"2":[1,1,1,1],"3":[1,1],"4":[2,2],"5":[1,1],"6":[1,1],"7":[2,0],"8":[2,1,1,1,1,1],"9":[0,2,0],"10":[1,1],"11":[2,1,1],"12":[1,0],"13":[0,2],"14":[2,0,0,0,0,0,0],"15":[0,2],"16":[2,0],"17":[1,1],"18":[0,1],"19":[1,2,0,2],"20":[1,0],"21":[1,1],"22":[0,0],"23":[0,0],"24":[0,0],"25":[0,0],"26":[0,0],"27":[0,0],"28":[0,0]},"f":{"1":2,"2":2,"3":2,"4":2,"5":2,"6":2,"7":2,"8":2,"9":3,"10":1,"11":6,"12":0},"fnMap":{"1":{"name":"(anonymous_1)","line":26,"loc":{"start":{"line":26,"column":1},"end":{"line":26,"column":13}}},"2":{"name":"(anonymous_2)","line":33,"loc":{"start":{"line":33,"column":5},"end":{"line":33,"column":17}}},"3":{"name":"(anonymous_3)","line":37,"loc":{"start":{"line":37,"column":24},"end":{"line":37,"column":36}}},"4":{"name":"(anonymous_4)","line":69,"loc":{"start":{"line":69,"column":31},"end":{"line":69,"column":48}},"skip":true},"5":{"name":"(anonymous_5)","line":78,"loc":{"start":{"line":78,"column":26},"end":{"line":78,"column":45}},"skip":true},"6":{"name":"(anonymous_6)","line":123,"loc":{"start":{"line":123,"column":33},"end":{"line":123,"column":48}},"skip":true},"7":{"name":"(anonymous_7)","line":125,"loc":{"start":{"line":125,"column":27},"end":{"line":125,"column":39}},"skip":true},"8":{"name":"(anonymous_8)","line":133,"loc":{"start":{"line":133,"column":59},"end":{"line":133,"column":74}},"skip":true},"9":{"name":"(anonymous_9)","line":143,"loc":{"start":{"line":143,"column":45},"end":{"line":143,"column":62}},"skip":true},"10":{"name":"(anonymous_10)","line":144,"loc":{"start":{"line":144,"column":73},"end":{"line":144,"column":92}},"skip":true},"11":{"name":"(anonymous_11)","line":272,"loc":{"start":{"line":272,"column":51},"end":{"line":272,"column":77}},"skip":true},"12":{"name":"(anonymous_12)","line":314,"loc":{"start":{"line":314,"column":32},"end":{"line":314,"column":61}},"skip":true}},"statementMap":{"1":{"start":{"line":26,"column":0},"end":{"line":325,"column":5}},"2":{"start":{"line":28,"column":4},"end":{"line":28,"column":14}},"3":{"start":{"line":33,"column":4},"end":{"line":60,"column":9}},"4":{"start":{"line":35,"column":8},"end":{"line":35,"column":19}},"5":{"start":{"line":37,"column":8},"end":{"line":49,"column":13}},"6":{"start":{"line":38,"column":12},"end":{"line":48,"column":13}},"7":{"start":{"line":39,"column":16},"end":{"line":42,"column":30}},"8":{"start":{"line":44,"column":16},"end":{"line":47,"column":27}},"9":{"start":{"line":51,"column":8},"end":{"line":53,"column":21}},"10":{"start":{"line":55,"column":8},"end":{"line":57,"column":45}},"11":{"start":{"line":59,"column":8},"end":{"line":59,"column":35}},"12":{"start":{"line":61,"column":4},"end":{"line":324,"column":5}},"13":{"start":{"line":69,"column":8},"end":{"line":121,"column":10},"skip":true},"14":{"start":{"line":70,"column":12},"end":{"line":88,"column":13},"skip":true},"15":{"start":{"line":76,"column":16},"end":{"line":87,"column":19},"skip":true},"16":{"start":{"line":79,"column":20},"end":{"line":86,"column":21},"skip":true},"17":{"start":{"line":82,"column":24},"end":{"line":82,"column":43},"skip":true},"18":{"start":{"line":83,"column":24},"end":{"line":83,"column":30},"skip":true},"19":{"start":{"line":85,"column":24},"end":{"line":85,"column":49},"skip":true},"20":{"start":{"line":89,"column":12},"end":{"line":107,"column":13},"skip":true},"21":{"start":{"line":92,"column":16},"end":{"line":102,"column":17},"skip":true},"22":{"start":{"line":93,"column":20},"end":{"line":93,"column":86},"skip":true},"23":{"start":{"line":94,"column":20},"end":{"line":95,"column":45},"skip":true},"24":{"start":{"line":96,"column":20},"end":{"line":96,"column":42},"skip":true},"25":{"start":{"line":97,"column":20},"end":{"line":97,"column":48},"skip":true},"26":{"start":{"line":100,"column":20},"end":{"line":100,"column":85},"skip":true},"27":{"start":{"line":101,"column":20},"end":{"line":101,"column":96},"skip":true},"28":{"start":{"line":103,"column":16},"end":{"line":103,"column":22},"skip":true},"29":{"start":{"line":106,"column":16},"end":{"line":106,"column":22},"skip":true},"30":{"start":{"line":108,"column":12},"end":{"line":120,"column":13},"skip":true},"31":{"start":{"line":114,"column":16},"end":{"line":119,"column":17},"skip":true},"32":{"start":{"line":116,"column":20},"end":{"line":116,"column":78},"skip":true},"33":{"start":{"line":118,"column":20},"end":{"line":118,"column":47},"skip":true},"34":{"start":{"line":123,"column":8},"end":{"line":141,"column":11},"skip":true},"35":{"start":{"line":124,"column":12},"end":{"line":124,"column":54},"skip":true},"36":{"start":{"line":125,"column":12},"end":{"line":140,"column":14},"skip":true},"37":{"start":{"line":126,"column":16},"end":{"line":126,"column":28},"skip":true},"38":{"start":{"line":127,"column":16},"end":{"line":127,"column":69},"skip":true},"39":{"start":{"line":128,"column":16},"end":{"line":128,"column":75},"skip":true},"40":{"start":{"line":129,"column":16},"end":{"line":131,"column":17},"skip":true},"41":{"start":{"line":130,"column":20},"end":{"line":130,"column":27},"skip":true},"42":{"start":{"line":133,"column":16},"end":{"line":137,"column":36},"skip":true},"43":{"start":{"line":134,"column":20},"end":{"line":136,"column":55},"skip":true},"44":{"start":{"line":139,"column":16},"end":{"line":139,"column":57},"skip":true},"45":{"start":{"line":143,"column":8},"end":{"line":147,"column":11},"skip":true},"46":{"start":{"line":144,"column":12},"end":{"line":146,"column":15},"skip":true},"47":{"start":{"line":145,"column":16},"end":{"line":145,"column":70},"skip":true},"48":{"start":{"line":149,"column":8},"end":{"line":149,"column":31},"skip":true},"49":{"start":{"line":150,"column":8},"end":{"line":150,"column":14},"skip":true},"50":{"start":{"line":158,"column":8},"end":{"line":158,"column":31},"skip":true},"51":{"start":{"line":160,"column":8},"end":{"line":160,"column":33},"skip":true},"52":{"start":{"line":161,"column":8},"end":{"line":161,"column":37},"skip":true},"53":{"start":{"line":162,"column":8},"end":{"line":162,"column":35},"skip":true},"54":{"start":{"line":164,"column":8},"end":{"line":164,"column":50},"skip":true},"55":{"start":{"line":166,"column":8},"end":{"line":256,"column":2},"skip":true},"56":{"start":{"line":258,"column":8},"end":{"line":286,"column":9},"skip":true},"57":{"start":{"line":259,"column":12},"end":{"line":269,"column":14},"skip":true},"58":{"start":{"line":271,"column":12},"end":{"line":285,"column":19},"skip":true},"59":{"start":{"line":274,"column":20},"end":{"line":274,"column":35},"skip":true},"60":{"start":{"line":275,"column":20},"end":{"line":284,"column":21},"skip":true},"61":{"start":{"line":277,"column":24},"end":{"line":277,"column":64},"skip":true},"62":{"start":{"line":279,"column":24},"end":{"line":279,"column":40},"skip":true},"63":{"start":{"line":281,"column":24},"end":{"line":281,"column":40},"skip":true},"64":{"start":{"line":283,"column":24},"end":{"line":283,"column":39},"skip":true},"65":{"start":{"line":288,"column":8},"end":{"line":290,"column":9},"skip":true},"66":{"start":{"line":289,"column":12},"end":{"line":289,"column":18},"skip":true},"67":{"start":{"line":291,"column":8},"end":{"line":293,"column":54},"skip":true},"68":{"start":{"line":294,"column":8},"end":{"line":301,"column":37},"skip":true},"69":{"start":{"line":302,"column":8},"end":{"line":302,"column":82},"skip":true},"70":{"start":{"line":305,"column":8},"end":{"line":307,"column":9},"skip":true},"71":{"start":{"line":306,"column":12},"end":{"line":306,"column":82},"skip":true},"72":{"start":{"line":309,"column":8},"end":{"line":311,"column":9},"skip":true},"73":{"start":{"line":310,"column":12},"end":{"line":310,"column":18},"skip":true},"74":{"start":{"line":312,"column":8},"end":{"line":312,"column":54},"skip":true},"75":{"start":{"line":313,"column":8},"end":{"line":313,"column":69},"skip":true},"76":{"start":{"line":314,"column":8},"end":{"line":322,"column":36},"skip":true},"77":{"start":{"line":315,"column":12},"end":{"line":315,"column":61},"skip":true},"78":{"start":{"line":316,"column":12},"end":{"line":319,"column":13},"skip":true},"79":{"start":{"line":317,"column":16},"end":{"line":317,"column":75},"skip":true},"80":{"start":{"line":318,"column":16},"end":{"line":318,"column":23},"skip":true},"81":{"start":{"line":320,"column":12},"end":{"line":320,"column":38},"skip":true},"82":{"start":{"line":321,"column":12},"end":{"line":321,"column":27},"skip":true},"83":{"start":{"line":323,"column":8},"end":{"line":323,"column":14},"skip":true}},"branchMap":{"1":{"line":39,"type":"binary-expr","locations":[{"start":{"line":39,"column":23},"end":{"line":39,"column":62}},{"start":{"line":40,"column":20},"end":{"line":40,"column":70}},{"start":{"line":41,"column":20},"end":{"line":41,"column":71}},{"start":{"line":42,"column":20},"end":{"line":42,"column":29}}]},"2":{"line":44,"type":"binary-expr","locations":[{"start":{"line":44,"column":23},"end":{"line":44,"column":37}},{"start":{"line":45,"column":20},"end":{"line":45,"column":61}},{"start":{"line":46,"column":20},"end":{"line":46,"column":70}},{"start":{"line":47,"column":20},"end":{"line":47,"column":26}}]},"3":{"line":51,"type":"cond-expr","locations":[{"start":{"line":52,"column":14},"end":{"line":52,"column":20}},{"start":{"line":53,"column":14},"end":{"line":53,"column":20}}]},"4":{"line":55,"type":"binary-expr","locations":[{"start":{"line":55,"column":16},"end":{"line":55,"column":44}},{"start":{"line":55,"column":49},"end":{"line":57,"column":43}}]},"5":{"line":55,"type":"cond-expr","locations":[{"start":{"line":56,"column":14},"end":{"line":56,"column":49}},{"start":{"line":57,"column":14},"end":{"line":57,"column":43}}]},"6":{"line":61,"type":"switch","locations":[{"start":{"line":68,"column":4},"end":{"line":150,"column":14},"skip":true},{"start":{"line":156,"column":4},"end":{"line":323,"column":14},"skip":true}]},"7":{"line":70,"type":"if","locations":[{"start":{"line":70,"column":12},"end":{"line":70,"column":12},"skip":true},{"start":{"line":70,"column":12},"end":{"line":70,"column":12},"skip":true}]},"8":{"line":70,"type":"binary-expr","locations":[{"start":{"line":70,"column":16},"end":{"line":70,"column":22},"skip":true},{"start":{"line":70,"column":27},"end":{"line":70,"column":32},"skip":true},{"start":{"line":71,"column":20},"end":{"line":71,"column":39},"skip":true},{"start":{"line":72,"column":20},"end":{"line":72,"column":49},"skip":true},{"start":{"line":73,"column":20},"end":{"line":73,"column":58},"skip":true},{"start":{"line":74,"column":20},"end":{"line":74,"column":69},"skip":true}]},"9":{"line":79,"type":"switch","locations":[{"start":{"line":80,"column":20},"end":{"line":80,"column":33},"skip":true},{"start":{"line":81,"column":20},"end":{"line":83,"column":30},"skip":true},{"start":{"line":84,"column":20},"end":{"line":85,"column":49},"skip":true}]},"10":{"line":89,"type":"switch","locations":[{"start":{"line":90,"column":12},"end":{"line":103,"column":22},"skip":true},{"start":{"line":105,"column":12},"end":{"line":106,"column":22},"skip":true}]},"11":{"line":89,"type":"binary-expr","locations":[{"start":{"line":89,"column":20},"end":{"line":89,"column":25},"skip":true},{"start":{"line":89,"column":29},"end":{"line":89,"column":48},"skip":true},{"start":{"line":89,"column":52},"end":{"line":89,"column":74},"skip":true}]},"12":{"line":92,"type":"if","locations":[{"start":{"line":92,"column":16},"end":{"line":92,"column":16},"skip":true},{"start":{"line":92,"column":16},"end":{"line":92,"column":16},"skip":true}]},"13":{"line":108,"type":"if","locations":[{"start":{"line":108,"column":12},"end":{"line":108,"column":12},"skip":true},{"start":{"line":108,"column":12},"end":{"line":108,"column":12},"skip":true}]},"14":{"line":108,"type":"binary-expr","locations":[{"start":{"line":108,"column":16},"end":{"line":108,"column":61},"skip":true},{"start":{"line":108,"column":66},"end":{"line":108,"column":72},"skip":true},{"start":{"line":108,"column":77},"end":{"line":108,"column":82},"skip":true},{"start":{"line":109,"column":20},"end":{"line":109,"column":39},"skip":true},{"start":{"line":110,"column":20},"end":{"line":110,"column":49},"skip":true},{"start":{"line":111,"column":20},"end":{"line":111,"column":58},"skip":true},{"start":{"line":112,"column":20},"end":{"line":112,"column":68},"skip":true}]},"15":{"line":129,"type":"if","locations":[{"start":{"line":129,"column":16},"end":{"line":129,"column":16},"skip":true},{"start":{"line":129,"column":16},"end":{"line":129,"column":16},"skip":true}]},"16":{"line":134,"type":"cond-expr","locations":[{"start":{"line":135,"column":26},"end":{"line":135,"column":29},"skip":true},{"start":{"line":136,"column":26},"end":{"line":136,"column":54},"skip":true}]},"17":{"line":164,"type":"binary-expr","locations":[{"start":{"line":164,"column":27},"end":{"line":164,"column":43},"skip":true},{"start":{"line":164,"column":47},"end":{"line":164,"column":49},"skip":true}]},"18":{"line":258,"type":"if","locations":[{"start":{"line":258,"column":8},"end":{"line":258,"column":8},"skip":true},{"start":{"line":258,"column":8},"end":{"line":258,"column":8},"skip":true}]},"19":{"line":275,"type":"switch","locations":[{"start":{"line":276,"column":20},"end":{"line":277,"column":64},"skip":true},{"start":{"line":278,"column":20},"end":{"line":279,"column":40},"skip":true},{"start":{"line":280,"column":20},"end":{"line":281,"column":40},"skip":true},{"start":{"line":282,"column":20},"end":{"line":283,"column":39},"skip":true}]},"20":{"line":288,"type":"if","locations":[{"start":{"line":288,"column":8},"end":{"line":288,"column":8},"skip":true},{"start":{"line":288,"column":8},"end":{"line":288,"column":8},"skip":true}]},"21":{"line":288,"type":"binary-expr","locations":[{"start":{"line":288,"column":12},"end":{"line":288,"column":40},"skip":true},{"start":{"line":288,"column":44},"end":{"line":288,"column":67},"skip":true}]},"22":{"line":292,"type":"binary-expr","locations":[{"start":{"line":292,"column":12},"end":{"line":292,"column":50},"skip":true},{"start":{"line":293,"column":12},"end":{"line":293,"column":53},"skip":true}]},"23":{"line":295,"type":"binary-expr","locations":[{"start":{"line":295,"column":12},"end":{"line":295,"column":63},"skip":true},{"start":{"line":296,"column":12},"end":{"line":301,"column":36},"skip":true}]},"24":{"line":302,"type":"binary-expr","locations":[{"start":{"line":302,"column":43},"end":{"line":302,"column":75},"skip":true},{"start":{"line":302,"column":79},"end":{"line":302,"column":81},"skip":true}]},"25":{"line":305,"type":"if","locations":[{"start":{"line":305,"column":8},"end":{"line":305,"column":8},"skip":true},{"start":{"line":305,"column":8},"end":{"line":305,"column":8},"skip":true}]},"26":{"line":309,"type":"if","locations":[{"start":{"line":309,"column":8},"end":{"line":309,"column":8},"skip":true},{"start":{"line":309,"column":8},"end":{"line":309,"column":8},"skip":true}]},"27":{"line":312,"type":"binary-expr","locations":[{"start":{"line":312,"column":27},"end":{"line":312,"column":43},"skip":true},{"start":{"line":312,"column":47},"end":{"line":312,"column":53},"skip":true}]},"28":{"line":316,"type":"if","locations":[{"start":{"line":316,"column":12},"end":{"line":316,"column":12},"skip":true},{"start":{"line":316,"column":12},"end":{"line":316,"column":12},"skip":true}]}},"code":["/*","example.js","","quickstart example","","instruction","    1. save this script as example.js","    2. run the shell command:","        $ npm install npmtest-forms && PORT=8081 node example.js","    3. play with the browser-demo on http://127.0.0.1:8081","*/","","","","/* istanbul instrument in package npmtest_forms */","/*jslint","    bitwise: true,","    browser: true,","    maxerr: 8,","    maxlen: 96,","    node: true,","    nomen: true,","    regexp: true,","    stupid: true","*/","(function () {","    'use strict';","    var local;","","","","    // run shared js-env code - pre-init","    (function () {","        // init local","        local = {};","        // init modeJs","        local.modeJs = (function () {","            try {","                return typeof navigator.userAgent === 'string' &&","                    typeof document.querySelector('body') === 'object' &&","                    typeof XMLHttpRequest.prototype.open === 'function' &&","                    'browser';","            } catch (errorCaughtBrowser) {","                return module.exports &&","                    typeof process.versions.node === 'string' &&","                    typeof require('http').createServer === 'function' &&","                    'node';","            }","        }());","        // init global","        local.global = local.modeJs === 'browser'","            ? window","            : global;","        // init utility2_rollup","        local = local.global.utility2_rollup || (local.modeJs === 'browser'","            ? local.global.utility2_npmtest_forms","            : global.utility2_moduleExports);","        // export local","        local.global.local = local;","    }());","    switch (local.modeJs) {","","","","    // post-init","    // run browser js-env code - post-init","    /* istanbul ignore next */","    case 'browser':","        local.testRunBrowser = function (event) {","            if (!event || (event &&","                    event.currentTarget &&","                    event.currentTarget.className &&","                    event.currentTarget.className.includes &&","                    event.currentTarget.className.includes('onreset'))) {","                // reset output","                Array.from(","                    document.querySelectorAll('body > .resettable')","                ).forEach(function (element) {","                    switch (element.tagName) {","                    case 'INPUT':","                    case 'TEXTAREA':","                        element.value = '';","                        break;","                    default:","                        element.textContent = '';","                    }","                });","            }","            switch (event && event.currentTarget && event.currentTarget.id) {","            case 'testRunButton1':","                // show tests","                if (document.querySelector('#testReportDiv1').style.display === 'none') {","                    document.querySelector('#testReportDiv1').style.display = 'block';","                    document.querySelector('#testRunButton1').textContent =","                        'hide internal test';","                    local.modeTest = true;","                    local.testRunDefault(local);","                // hide tests","                } else {","                    document.querySelector('#testReportDiv1').style.display = 'none';","                    document.querySelector('#testRunButton1').textContent = 'run internal test';","                }","                break;","            // custom-case","            default:","                break;","            }","            if (document.querySelector('#inputTextareaEval1') && (!event || (event &&","                    event.currentTarget &&","                    event.currentTarget.className &&","                    event.currentTarget.className.includes &&","                    event.currentTarget.className.includes('oneval')))) {","                // try to eval input-code","                try {","                    /*jslint evil: true*/","                    eval(document.querySelector('#inputTextareaEval1').value);","                } catch (errorCaught) {","                    console.error(errorCaught);","                }","            }","        };","        // log stderr and stdout to #outputTextareaStdout1","        ['error', 'log'].forEach(function (key) {","            console[key + '_original'] = console[key];","            console[key] = function () {","                var element;","                console[key + '_original'].apply(console, arguments);","                element = document.querySelector('#outputTextareaStdout1');","                if (!element) {","                    return;","                }","                // append text to #outputTextareaStdout1","                element.value += Array.from(arguments).map(function (arg) {","                    return typeof arg === 'string'","                        ? arg","                        : JSON.stringify(arg, null, 4);","                }).join(' ') + '\\n';","                // scroll textarea to bottom","                element.scrollTop = element.scrollHeight;","            };","        });","        // init event-handling","        ['change', 'click', 'keyup'].forEach(function (event) {","            Array.from(document.querySelectorAll('.on' + event)).forEach(function (element) {","                element.addEventListener(event, local.testRunBrowser);","            });","        });","        // run tests","        local.testRunBrowser();","        break;","","","","    // run node js-env code - post-init","    /* istanbul ignore next */","    case 'node':","        // export local","        module.exports = local;","        // require modules","        local.fs = require('fs');","        local.http = require('http');","        local.url = require('url');","        // init assets","        local.assetsDict = local.assetsDict || {};","        /* jslint-ignore-begin */","        local.assetsDict['/assets.index.template.html'] = '\\","<!doctype html>\\n\\","<html lang=\"en\">\\n\\","<head>\\n\\","<meta charset=\"UTF-8\">\\n\\","<meta name=\"viewport\" content=\"width=device-width, initial-scale=1\">\\n\\","<title>{{env.npm_package_name}} (v{{env.npm_package_version}})</title>\\n\\","<style>\\n\\","/*csslint\\n\\","    box-sizing: false,\\n\\","    universal-selector: false\\n\\","*/\\n\\","* {\\n\\","    box-sizing: border-box;\\n\\","}\\n\\","body {\\n\\","    background: #dde;\\n\\","    font-family: Arial, Helvetica, sans-serif;\\n\\","    margin: 2rem;\\n\\","}\\n\\","body > * {\\n\\","    margin-bottom: 1rem;\\n\\","}\\n\\",".utility2FooterDiv {\\n\\","    margin-top: 20px;\\n\\","    text-align: center;\\n\\","}\\n\\","</style>\\n\\","<style>\\n\\","/*csslint\\n\\","*/\\n\\","textarea {\\n\\","    font-family: monospace;\\n\\","    height: 10rem;\\n\\","    width: 100%;\\n\\","}\\n\\","textarea[readonly] {\\n\\","    background: #ddd;\\n\\","}\\n\\","</style>\\n\\","</head>\\n\\","<body>\\n\\","<!-- utility2-comment\\n\\","<div id=\"ajaxProgressDiv1\" style=\"background: #d00; height: 2px; left: 0; margin: 0; padding: 0; position: fixed; top: 0; transition: background 0.5s, width 1.5s; width: 25%;\"></div>\\n\\","utility2-comment -->\\n\\","<h1>\\n\\","<!-- utility2-comment\\n\\","    <a\\n\\","        {{#if env.npm_package_homepage}}\\n\\","        href=\"{{env.npm_package_homepage}}\"\\n\\","        {{/if env.npm_package_homepage}}\\n\\","        target=\"_blank\"\\n\\","    >\\n\\","utility2-comment -->\\n\\","        {{env.npm_package_name}} (v{{env.npm_package_version}})\\n\\","<!-- utility2-comment\\n\\","    </a>\\n\\","utility2-comment -->\\n\\","</h1>\\n\\","<h3>{{env.npm_package_description}}</h3>\\n\\","<!-- utility2-comment\\n\\","<h4><a download href=\"assets.app.js\">download standalone app</a></h4>\\n\\","<button class=\"onclick onreset\" id=\"testRunButton1\">run internal test</button><br>\\n\\","<div id=\"testReportDiv1\" style=\"display: none;\"></div>\\n\\","utility2-comment -->\\n\\","\\n\\","\\n\\","\\n\\","<label>stderr and stdout</label>\\n\\","<textarea class=\"resettable\" id=\"outputTextareaStdout1\" readonly></textarea>\\n\\","<!-- utility2-comment\\n\\","{{#if isRollup}}\\n\\","<script src=\"assets.app.js\"></script>\\n\\","{{#unless isRollup}}\\n\\","utility2-comment -->\\n\\","<script src=\"assets.utility2.rollup.js\"></script>\\n\\","<script src=\"jsonp.utility2._stateInit?callback=window.utility2._stateInit\"></script>\\n\\","<script src=\"assets.npmtest_forms.rollup.js\"></script>\\n\\","<script src=\"assets.example.js\"></script>\\n\\","<script src=\"assets.test.js\"></script>\\n\\","<!-- utility2-comment\\n\\","{{/if isRollup}}\\n\\","utility2-comment -->\\n\\","<div class=\"utility2FooterDiv\">\\n\\","    [ this app was created with\\n\\","    <a href=\"https://github.com/kaizhu256/node-utility2\" target=\"_blank\">utility2</a>\\n\\","    ]\\n\\","</div>\\n\\","</body>\\n\\","</html>\\n\\","';","        /* jslint-ignore-end */","        if (local.templateRender) {","            local.assetsDict['/'] = local.templateRender(","                local.assetsDict['/assets.index.template.html'],","                {","                    env: local.objectSetDefault(local.env, {","                        npm_package_description: 'the greatest app in the world!',","                        npm_package_name: 'my-app',","                        npm_package_nameAlias: 'my_app',","                        npm_package_version: '0.0.1'","                    })","                }","            );","        } else {","            local.assetsDict['/'] = local.assetsDict['/assets.index.template.html']","                .replace((/\\{\\{env\\.(\\w+?)\\}\\}/g), function (match0, match1) {","                    // jslint-hack","                    String(match0);","                    switch (match1) {","                    case 'npm_package_description':","                        return 'the greatest app in the world!';","                    case 'npm_package_name':","                        return 'my-app';","                    case 'npm_package_nameAlias':","                        return 'my_app';","                    case 'npm_package_version':","                        return '0.0.1';","                    }","                });","        }","        // run the cli","        if (local.global.utility2_rollup || module !== require.main) {","            break;","        }","        local.assetsDict['/assets.example.js'] =","            local.assetsDict['/assets.example.js'] ||","            local.fs.readFileSync(__filename, 'utf8');","        local.assetsDict['/assets.npmtest_forms.rollup.js'] =","            local.assetsDict['/assets.npmtest_forms.rollup.js'] ||","            local.fs.readFileSync(","                // buildCustomOrg-hack","                local.npmtest_forms.__dirname +","                    '/lib.npmtest_forms.js',","                'utf8'","            ).replace((/^#!/), '//');","        local.assetsDict['/favicon.ico'] = local.assetsDict['/favicon.ico'] || '';","        // if $npm_config_timeout_exit exists,","        // then exit this process after $npm_config_timeout_exit ms","        if (Number(process.env.npm_config_timeout_exit)) {","            setTimeout(process.exit, Number(process.env.npm_config_timeout_exit));","        }","        // start server","        if (local.global.utility2_serverHttp1) {","            break;","        }","        process.env.PORT = process.env.PORT || '8081';","        console.error('server starting on port ' + process.env.PORT);","        local.http.createServer(function (request, response) {","            request.urlParsed = local.url.parse(request.url);","            if (local.assetsDict[request.urlParsed.pathname] !== undefined) {","                response.end(local.assetsDict[request.urlParsed.pathname]);","                return;","            }","            response.statusCode = 404;","            response.end();","        }).listen(process.env.PORT);","        break;","    }","}());",""],"l":{"26":2,"28":2,"33":2,"35":2,"37":2,"38":2,"39":2,"44":1,"51":2,"55":2,"59":2,"61":2,"69":1,"70":2,"76":2,"79":2,"82":2,"83":2,"85":1,"89":2,"92":1,"93":1,"94":1,"96":1,"97":1,"100":1,"101":1,"103":1,"106":1,"108":2,"114":1,"116":1,"118":1,"123":1,"124":2,"125":2,"126":2,"127":2,"128":2,"129":2,"130":1,"133":2,"134":2,"139":2,"143":1,"144":3,"145":1,"149":1,"150":1,"158":1,"160":1,"161":1,"162":1,"164":1,"166":1,"258":1,"259":1,"271":1,"274":6,"275":6,"277":1,"279":2,"281":1,"283":2,"288":1,"289":1,"291":1,"294":1,"302":1,"305":1,"306":1,"309":1,"310":1,"312":1,"313":1,"314":1,"315":1,"316":1,"317":1,"318":1,"320":1,"321":1,"323":1}},"/home/travis/build/npmtest/node-npmtest-forms/node_modules/forms/index.js":{"path":"/home/travis/build/npmtest/node-npmtest-forms/node_modules/forms/index.js","s":{"1":1},"b":{},"f":{},"fnMap":{},"statementMap":{"1":{"start":{"line":3,"column":0},"end":{"line":3,"column":40}}},"branchMap":{},"code":["// This file is just added for convenience so this repository can be","// directly checked out into a project's deps folder","module.exports = require('./lib/forms');","",""],"l":{"3":1}},"/home/travis/build/npmtest/node-npmtest-forms/node_modules/forms/lib/forms.js":{"path":"/home/travis/build/npmtest/node-npmtest-forms/node_modules/forms/lib/forms.js","s":{"1":1,"2":1,"3":1,"4":1,"5":1,"6":1,"7":1,"8":1,"9":1,"10":1,"11":1,"12":1,"13":1,"14":0,"15":0,"16":0,"17":0,"18":0,"19":0,"20":0,"21":0,"22":0,"23":0,"24":0,"25":0,"26":0,"27":0,"28":0,"29":0,"30":0,"31":0,"32":0,"33":0,"34":0,"35":0,"36":0,"37":0,"38":0,"39":0,"40":0,"41":0,"42":0,"43":0,"44":0,"45":0,"46":0,"47":0,"48":0,"49":0,"50":0,"51":0,"52":0,"53":0,"54":0,"55":0,"56":0,"57":0,"58":0,"59":0,"60":0,"61":0,"62":0,"63":0,"64":0,"65":0,"66":0,"67":0,"68":0,"69":0,"70":0,"71":0},"b":{"1":[0,0],"2":[0,0],"3":[0,0],"4":[0,0],"5":[0,0],"6":[0,0],"7":[0,0],"8":[0,0],"9":[0,0],"10":[0,0],"11":[0,0,0,0],"12":[0,0],"13":[0,0],"14":[0,0],"15":[0,0],"16":[0,0],"17":[0,0],"18":[0,0],"19":[0,0],"20":[0,0],"21":[0,0],"22":[0,0],"23":[0,0],"24":[0,0],"25":[0,0]},"f":{"1":0,"2":0,"3":0,"4":0,"5":0,"6":0,"7":0,"8":0,"9":0,"10":0,"11":0,"12":0,"13":0,"14":0,"15":0,"16":0},"fnMap":{"1":{"name":"(anonymous_1)","line":17,"loc":{"start":{"line":17,"column":17},"end":{"line":17,"column":44}}},"2":{"name":"(anonymous_2)","line":22,"loc":{"start":{"line":22,"column":25},"end":{"line":22,"column":38}}},"3":{"name":"(anonymous_3)","line":31,"loc":{"start":{"line":31,"column":14},"end":{"line":31,"column":30}}},"4":{"name":"(anonymous_4)","line":36,"loc":{"start":{"line":36,"column":35},"end":{"line":36,"column":48}}},"5":{"name":"(anonymous_5)","line":41,"loc":{"start":{"line":41,"column":43},"end":{"line":41,"column":59}}},"6":{"name":"(anonymous_6)","line":45,"loc":{"start":{"line":45,"column":25},"end":{"line":45,"column":37}}},"7":{"name":"(anonymous_7)","line":48,"loc":{"start":{"line":48,"column":46},"end":{"line":48,"column":74}}},"8":{"name":"(anonymous_8)","line":49,"loc":{"start":{"line":49,"column":44},"end":{"line":49,"column":72}}},"9":{"name":"(anonymous_9)","line":53,"loc":{"start":{"line":53,"column":19},"end":{"line":53,"column":34}}},"10":{"name":"(anonymous_10)","line":57,"loc":{"start":{"line":57,"column":24},"end":{"line":57,"column":36}}},"11":{"name":"(anonymous_11)","line":59,"loc":{"start":{"line":59,"column":47},"end":{"line":59,"column":60}}},"12":{"name":"(anonymous_12)","line":67,"loc":{"start":{"line":67,"column":16},"end":{"line":67,"column":42}}},"13":{"name":"(anonymous_13)","line":81,"loc":{"start":{"line":81,"column":40},"end":{"line":81,"column":83}}},"14":{"name":"(anonymous_14)","line":91,"loc":{"start":{"line":91,"column":37},"end":{"line":91,"column":59}}},"15":{"name":"(anonymous_15)","line":102,"loc":{"start":{"line":102,"column":16},"end":{"line":102,"column":28}}},"16":{"name":"(anonymous_16)","line":108,"loc":{"start":{"line":108,"column":44},"end":{"line":108,"column":63}}}},"statementMap":{"1":{"start":{"line":3,"column":0},"end":{"line":3,"column":29}},"2":{"start":{"line":4,"column":0},"end":{"line":4,"column":23}},"3":{"start":{"line":5,"column":0},"end":{"line":5,"column":27}},"4":{"start":{"line":6,"column":0},"end":{"line":6,"column":32}},"5":{"start":{"line":7,"column":0},"end":{"line":7,"column":33}},"6":{"start":{"line":8,"column":0},"end":{"line":8,"column":39}},"7":{"start":{"line":9,"column":0},"end":{"line":9,"column":38}},"8":{"start":{"line":10,"column":0},"end":{"line":10,"column":34}},"9":{"start":{"line":12,"column":0},"end":{"line":12,"column":39}},"10":{"start":{"line":13,"column":0},"end":{"line":13,"column":37}},"11":{"start":{"line":14,"column":0},"end":{"line":14,"column":37}},"12":{"start":{"line":15,"column":0},"end":{"line":15,"column":45}},"13":{"start":{"line":17,"column":0},"end":{"line":115,"column":2}},"14":{"start":{"line":18,"column":4},"end":{"line":18,"column":35}},"15":{"start":{"line":20,"column":4},"end":{"line":20,"column":63}},"16":{"start":{"line":22,"column":4},"end":{"line":28,"column":7}},"17":{"start":{"line":24,"column":8},"end":{"line":26,"column":9}},"18":{"start":{"line":25,"column":12},"end":{"line":25,"column":63}},"19":{"start":{"line":27,"column":8},"end":{"line":27,"column":27}},"20":{"start":{"line":29,"column":4},"end":{"line":113,"column":6}},"21":{"start":{"line":32,"column":12},"end":{"line":35,"column":14}},"22":{"start":{"line":36,"column":12},"end":{"line":40,"column":15}},"23":{"start":{"line":37,"column":16},"end":{"line":39,"column":17}},"24":{"start":{"line":38,"column":20},"end":{"line":38,"column":68}},"25":{"start":{"line":41,"column":12},"end":{"line":44,"column":19}},"26":{"start":{"line":42,"column":16},"end":{"line":42,"column":40}},"27":{"start":{"line":43,"column":16},"end":{"line":43,"column":25}},"28":{"start":{"line":45,"column":12},"end":{"line":56,"column":14}},"29":{"start":{"line":46,"column":16},"end":{"line":46,"column":82}},"30":{"start":{"line":48,"column":16},"end":{"line":55,"column":19}},"31":{"start":{"line":49,"column":20},"end":{"line":52,"column":23}},"32":{"start":{"line":50,"column":24},"end":{"line":50,"column":50}},"33":{"start":{"line":51,"column":24},"end":{"line":51,"column":75}},"34":{"start":{"line":54,"column":20},"end":{"line":54,"column":37}},"35":{"start":{"line":57,"column":12},"end":{"line":64,"column":14}},"36":{"start":{"line":58,"column":16},"end":{"line":58,"column":32}},"37":{"start":{"line":59,"column":16},"end":{"line":63,"column":19}},"38":{"start":{"line":60,"column":20},"end":{"line":60,"column":47}},"39":{"start":{"line":61,"column":20},"end":{"line":61,"column":73}},"40":{"start":{"line":61,"column":48},"end":{"line":61,"column":71}},"41":{"start":{"line":62,"column":20},"end":{"line":62,"column":86}},"42":{"start":{"line":65,"column":12},"end":{"line":65,"column":21}},"43":{"start":{"line":68,"column":12},"end":{"line":100,"column":13}},"44":{"start":{"line":69,"column":16},"end":{"line":69,"column":67}},"45":{"start":{"line":70,"column":19},"end":{"line":100,"column":13}},"46":{"start":{"line":71,"column":16},"end":{"line":89,"column":17}},"47":{"start":{"line":72,"column":20},"end":{"line":72,"column":74}},"48":{"start":{"line":73,"column":20},"end":{"line":73,"column":63}},"49":{"start":{"line":74,"column":23},"end":{"line":89,"column":17}},"50":{"start":{"line":77,"column":20},"end":{"line":86,"column":21}},"51":{"start":{"line":78,"column":24},"end":{"line":78,"column":54}},"52":{"start":{"line":80,"column":24},"end":{"line":80,"column":65}},"53":{"start":{"line":81,"column":24},"end":{"line":85,"column":27}},"54":{"start":{"line":82,"column":28},"end":{"line":82,"column":51}},"55":{"start":{"line":82,"column":39},"end":{"line":82,"column":49}},"56":{"start":{"line":83,"column":28},"end":{"line":83,"column":104}},"57":{"start":{"line":84,"column":28},"end":{"line":84,"column":62}},"58":{"start":{"line":88,"column":20},"end":{"line":88,"column":83}},"59":{"start":{"line":90,"column":19},"end":{"line":100,"column":13}},"60":{"start":{"line":91,"column":16},"end":{"line":97,"column":19}},"61":{"start":{"line":92,"column":20},"end":{"line":96,"column":21}},"62":{"start":{"line":93,"column":24},"end":{"line":93,"column":81}},"63":{"start":{"line":95,"column":24},"end":{"line":95,"column":79}},"64":{"start":{"line":99,"column":16},"end":{"line":99,"column":69}},"65":{"start":{"line":103,"column":12},"end":{"line":103,"column":28}},"66":{"start":{"line":105,"column":12},"end":{"line":105,"column":78}},"67":{"start":{"line":106,"column":12},"end":{"line":106,"column":68}},"68":{"start":{"line":108,"column":12},"end":{"line":111,"column":19}},"69":{"start":{"line":109,"column":16},"end":{"line":109,"column":71}},"70":{"start":{"line":110,"column":16},"end":{"line":110,"column":69}},"71":{"start":{"line":114,"column":4},"end":{"line":114,"column":13}}},"branchMap":{"1":{"line":24,"type":"if","locations":[{"start":{"line":24,"column":8},"end":{"line":24,"column":8}},{"start":{"line":24,"column":8},"end":{"line":24,"column":8}}]},"2":{"line":24,"type":"binary-expr","locations":[{"start":{"line":24,"column":12},"end":{"line":24,"column":36}},{"start":{"line":24,"column":40},"end":{"line":24,"column":60}}]},"3":{"line":37,"type":"if","locations":[{"start":{"line":37,"column":16},"end":{"line":37,"column":16}},{"start":{"line":37,"column":16},"end":{"line":37,"column":16}}]},"4":{"line":37,"type":"binary-expr","locations":[{"start":{"line":37,"column":20},"end":{"line":37,"column":32}},{"start":{"line":37,"column":36},"end":{"line":37,"column":56}}]},"5":{"line":38,"type":"binary-expr","locations":[{"start":{"line":38,"column":52},"end":{"line":38,"column":56}},{"start":{"line":38,"column":60},"end":{"line":38,"column":62}}]},"6":{"line":46,"type":"cond-expr","locations":[{"start":{"line":46,"column":54},"end":{"line":46,"column":66}},{"start":{"line":46,"column":69},"end":{"line":46,"column":81}}]},"7":{"line":51,"type":"cond-expr","locations":[{"start":{"line":51,"column":63},"end":{"line":51,"column":67}},{"start":{"line":51,"column":70},"end":{"line":51,"column":73}}]},"8":{"line":61,"type":"if","locations":[{"start":{"line":61,"column":20},"end":{"line":61,"column":20}},{"start":{"line":61,"column":20},"end":{"line":61,"column":20}}]},"9":{"line":62,"type":"binary-expr","locations":[{"start":{"line":62,"column":27},"end":{"line":62,"column":47}},{"start":{"line":62,"column":51},"end":{"line":62,"column":85}}]},"10":{"line":68,"type":"if","locations":[{"start":{"line":68,"column":12},"end":{"line":68,"column":12}},{"start":{"line":68,"column":12},"end":{"line":68,"column":12}}]},"11":{"line":68,"type":"binary-expr","locations":[{"start":{"line":68,"column":16},"end":{"line":68,"column":42}},{"start":{"line":68,"column":46},"end":{"line":68,"column":58}},{"start":{"line":68,"column":63},"end":{"line":68,"column":77}},{"start":{"line":68,"column":81},"end":{"line":68,"column":94}}]},"12":{"line":69,"type":"binary-expr","locations":[{"start":{"line":69,"column":17},"end":{"line":69,"column":32}},{"start":{"line":69,"column":36},"end":{"line":69,"column":51}}]},"13":{"line":70,"type":"if","locations":[{"start":{"line":70,"column":19},"end":{"line":70,"column":19}},{"start":{"line":70,"column":19},"end":{"line":70,"column":19}}]},"14":{"line":71,"type":"if","locations":[{"start":{"line":71,"column":16},"end":{"line":71,"column":16}},{"start":{"line":71,"column":16},"end":{"line":71,"column":16}}]},"15":{"line":74,"type":"if","locations":[{"start":{"line":74,"column":23},"end":{"line":74,"column":23}},{"start":{"line":74,"column":23},"end":{"line":74,"column":23}}]},"16":{"line":74,"type":"binary-expr","locations":[{"start":{"line":74,"column":27},"end":{"line":74,"column":48}},{"start":{"line":74,"column":52},"end":{"line":74,"column":72}}]},"17":{"line":77,"type":"if","locations":[{"start":{"line":77,"column":20},"end":{"line":77,"column":20}},{"start":{"line":77,"column":20},"end":{"line":77,"column":20}}]},"18":{"line":82,"type":"if","locations":[{"start":{"line":82,"column":28},"end":{"line":82,"column":28}},{"start":{"line":82,"column":28},"end":{"line":82,"column":28}}]},"19":{"line":90,"type":"if","locations":[{"start":{"line":90,"column":19},"end":{"line":90,"column":19}},{"start":{"line":90,"column":19},"end":{"line":90,"column":19}}]},"20":{"line":92,"type":"if","locations":[{"start":{"line":92,"column":20},"end":{"line":92,"column":20}},{"start":{"line":92,"column":20},"end":{"line":92,"column":20}}]},"21":{"line":93,"type":"binary-expr","locations":[{"start":{"line":93,"column":25},"end":{"line":93,"column":42}},{"start":{"line":93,"column":46},"end":{"line":93,"column":61}}]},"22":{"line":95,"type":"binary-expr","locations":[{"start":{"line":95,"column":25},"end":{"line":95,"column":40}},{"start":{"line":95,"column":44},"end":{"line":95,"column":59}}]},"23":{"line":105,"type":"cond-expr","locations":[{"start":{"line":105,"column":50},"end":{"line":105,"column":62}},{"start":{"line":105,"column":65},"end":{"line":105,"column":77}}]},"24":{"line":106,"type":"cond-expr","locations":[{"start":{"line":106,"column":46},"end":{"line":106,"column":58}},{"start":{"line":106,"column":61},"end":{"line":106,"column":67}}]},"25":{"line":109,"type":"cond-expr","locations":[{"start":{"line":109,"column":46},"end":{"line":109,"column":66}},{"start":{"line":109,"column":69},"end":{"line":109,"column":70}}]}},"code":["'use strict';","","var async = require('async');","var is = require('is');","var http = require('http');","var querystring = require('qs');","var parse = require('url').parse;","var formidable = require('formidable');","var assign = require('object.assign');","var keys = require('object-keys');","","exports.widgets = require('./widgets');","exports.fields = require('./fields');","exports.render = require('./render');","exports.validators = require('./validators');","","exports.create = function (fields, options) {","    var opts = assign({}, options);","","    var validatePastFirstError = !!opts.validatePastFirstError;","","    keys(fields).forEach(function (k) {","        // if it's not a field object, create an object field.","        if (!is.fn(fields[k].toHTML) && is.object(fields[k])) {","            fields[k] = exports.fields.object(fields[k], opts);","        }","        fields[k].name = k;","    });","    var f = {","        fields: fields,","        bind: function (data) {","            var b = {","                toHTML: f.toHTML,","                fields: {}","            };","            keys(f.fields).forEach(function (k) {","                if (data != null || f.fields[k].required) {","                    b.fields[k] = f.fields[k].bind((data || {})[k]);","                }","            });","            b.data = keys(b.fields).reduce(function (a, k) {","                a[k] = b.fields[k].data;","                return a;","            }, {});","            b.validate = function () {","                var callback = arguments.length > 1 ? arguments[1] : arguments[0];","","                async.forEach(keys(b.fields), function (k, asyncCallback) {","                    b.fields[k].validate(b, function (err, bound_field) {","                        b.fields[k] = bound_field;","                        asyncCallback(validatePastFirstError ? null : err);","                    });","                }, function (err) {","                    callback(err, b);","                });","            };","            b.isValid = function () {","                var form = this;","                return keys(form.fields).every(function (k) {","                    var field = form.fields[k];","                    if (is.fn(field.isValid)) { return field.isValid(); }","                    return field.error === null || typeof field.error === 'undefined';","                });","            };","            return b;","        },","        handle: function (obj, callbacks) {","            if (typeof obj === 'undefined' || obj === null || (is.object(obj) && is.empty(obj))) {","                (callbacks.empty || callbacks.other)(f, callbacks);","            } else if (obj instanceof http.IncomingMessage) {","                if (obj.method === 'GET') {","                    var qs = parse(obj.url, { parseArrays: false }).query;","                    f.handle(querystring.parse(qs), callbacks);","                } else if (obj.method === 'POST' || obj.method === 'PUT') {","                    // If the app is using bodyDecoder for connect or express,","                    // it has already put all the POST data into request.body.","                    if (obj.body) {","                        f.handle(obj.body, callbacks);","                    } else {","                        var form = new formidable.IncomingForm();","                        form.parse(obj, function (err, originalFields/* , files*/) {","                            if (err) { throw err; }","                            var parsedFields = querystring.parse(querystring.stringify(originalFields));","                            f.handle(parsedFields, callbacks);","                        });","                    }","                } else {","                    throw new Error('Cannot handle request method: ' + obj.method);","                }","            } else if (is.object(obj)) {","                f.bind(obj).validate(function (err, field) {","                    if (field.isValid()) {","                        (callbacks.success || callbacks.other)(field, callbacks);","                    } else {","                        (callbacks.error || callbacks.other)(field, callbacks);","                    }","                });","            } else {","                throw new Error('Cannot handle type: ' + typeof obj);","            }","        },","        toHTML: function () {","            var form = this;","","            var iterator = arguments.length > 1 ? arguments[1] : arguments[0];","            var name = arguments.length > 1 ? arguments[0] : void 0;","","            return keys(form.fields).reduce(function (html, k) {","                var kname = is.string(name) ? name + '[' + k + ']' : k;","                return html + form.fields[k].toHTML(kname, iterator);","            }, '');","        }","    };","    return f;","};",""],"l":{"3":1,"4":1,"5":1,"6":1,"7":1,"8":1,"9":1,"10":1,"12":1,"13":1,"14":1,"15":1,"17":1,"18":0,"20":0,"22":0,"24":0,"25":0,"27":0,"29":0,"32":0,"36":0,"37":0,"38":0,"41":0,"42":0,"43":0,"45":0,"46":0,"48":0,"49":0,"50":0,"51":0,"54":0,"57":0,"58":0,"59":0,"60":0,"61":0,"62":0,"65":0,"68":0,"69":0,"70":0,"71":0,"72":0,"73":0,"74":0,"77":0,"78":0,"80":0,"81":0,"82":0,"83":0,"84":0,"88":0,"90":0,"91":0,"92":0,"93":0,"95":0,"99":0,"103":0,"105":0,"106":0,"108":0,"109":0,"110":0,"114":0}},"/home/travis/build/npmtest/node-npmtest-forms/node_modules/forms/lib/widgets.js":{"path":"/home/travis/build/npmtest/node-npmtest-forms/node_modules/forms/lib/widgets.js","s":{"1":1,"2":1,"3":1,"4":1,"5":1,"6":1,"7":1,"8":1,"9":0,"10":0,"11":0,"12":0,"13":1,"14":8,"15":0,"16":0,"17":0,"18":0,"19":0,"20":0,"21":0,"22":0,"23":0,"24":1,"25":0,"26":1,"27":0,"28":1,"29":0,"30":0,"31":0,"32":0,"33":1,"34":0,"35":1,"36":0,"37":0,"38":0,"39":0,"40":0,"41":0,"42":0,"43":0,"44":0,"45":0,"46":0,"47":0,"48":0,"49":0,"50":0,"51":0,"52":0,"53":0,"54":0,"55":0,"56":0,"57":0,"58":1,"59":2,"60":0,"61":0,"62":0,"63":0,"64":0,"65":0,"66":0,"67":0,"68":0,"69":0,"70":0,"71":0,"72":0,"73":0,"74":0,"75":1,"76":1,"77":1,"78":1,"79":1,"80":1,"81":1,"82":1,"83":0,"84":1,"85":0,"86":0,"87":0,"88":1,"89":1,"90":0,"91":0,"92":0,"93":0,"94":0,"95":0,"96":0,"97":0,"98":0,"99":1,"100":1,"101":1,"102":0,"103":0,"104":0,"105":0,"106":0,"107":0,"108":0,"109":0,"110":1,"111":0,"112":0,"113":0,"114":0,"115":0,"116":0,"117":0,"118":0,"119":1,"120":0,"121":0,"122":0,"123":0,"124":0,"125":0,"126":0,"127":0,"128":0,"129":0,"130":0,"131":0,"132":0,"133":0,"134":1,"135":0,"136":0,"137":0,"138":0,"139":0,"140":0,"141":0,"142":1,"143":0,"144":0,"145":0,"146":0,"147":0,"148":0,"149":0,"150":0,"151":0,"152":0,"153":0,"154":0,"155":0,"156":0},"b":{"1":[0,0],"2":[0,0,0,0],"3":[0,0],"4":[0,0],"5":[0,0],"6":[0,0],"7":[0,0],"8":[0,0],"9":[0,0],"10":[0,0,0],"11":[0,0],"12":[0,0],"13":[0,0],"14":[0,0,0,0],"15":[0,0],"16":[0,0],"17":[0,0],"18":[0,0],"19":[0,0],"20":[0,0],"21":[0,0,0],"22":[0,0],"23":[0,0],"24":[0,0],"25":[0,0],"26":[0,0],"27":[0,0],"28":[0,0],"29":[0,0],"30":[0,0],"31":[0,0],"32":[0,0],"33":[0,0],"34":[0,0],"35":[0,0],"36":[0,0],"37":[0,0],"38":[0,0],"39":[0,0],"40":[0,0],"41":[0,0],"42":[0,0],"43":[0,0],"44":[0,0],"45":[0,0],"46":[0,0],"47":[0,0],"48":[0,0],"49":[0,0],"50":[0,0],"51":[0,0],"52":[0,0],"53":[0,0],"54":[0,0],"55":[0,0],"56":[0,0],"57":[0,0],"58":[0,0],"59":[0,0],"60":[0,0],"61":[0,0],"62":[0,0]},"f":{"1":0,"2":0,"3":8,"4":0,"5":0,"6":0,"7":0,"8":0,"9":0,"10":0,"11":0,"12":0,"13":0,"14":0,"15":0,"16":0,"17":2,"18":0,"19":0,"20":0,"21":0,"22":0,"23":0,"24":0,"25":0,"26":0,"27":0,"28":0,"29":0,"30":0,"31":0,"32":0,"33":0,"34":0,"35":0,"36":0},"fnMap":{"1":{"name":"(anonymous_1)","line":11,"loc":{"start":{"line":11,"column":19},"end":{"line":11,"column":34}}},"2":{"name":"(anonymous_2)","line":12,"loc":{"start":{"line":12,"column":28},"end":{"line":12,"column":48}}},"3":{"name":"(anonymous_3)","line":21,"loc":{"start":{"line":21,"column":12},"end":{"line":21,"column":28}}},"4":{"name":"(anonymous_4)","line":22,"loc":{"start":{"line":22,"column":11},"end":{"line":22,"column":27}}},"5":{"name":"(anonymous_5)","line":28,"loc":{"start":{"line":28,"column":25},"end":{"line":28,"column":42}}},"6":{"name":"(anonymous_6)","line":32,"loc":{"start":{"line":32,"column":19},"end":{"line":32,"column":42}}},"7":{"name":"(anonymous_7)","line":47,"loc":{"start":{"line":47,"column":24},"end":{"line":47,"column":50}}},"8":{"name":"(anonymous_8)","line":51,"loc":{"start":{"line":51,"column":17},"end":{"line":51,"column":42}}},"9":{"name":"(anonymous_9)","line":55,"loc":{"start":{"line":55,"column":20},"end":{"line":55,"column":49}}},"10":{"name":"(anonymous_10)","line":56,"loc":{"start":{"line":56,"column":26},"end":{"line":56,"column":61}}},"11":{"name":"(anonymous_11)","line":65,"loc":{"start":{"line":65,"column":15},"end":{"line":65,"column":32}}},"12":{"name":"(anonymous_12)","line":69,"loc":{"start":{"line":69,"column":19},"end":{"line":69,"column":52}}},"13":{"name":"(anonymous_13)","line":74,"loc":{"start":{"line":74,"column":27},"end":{"line":74,"column":65}}},"14":{"name":"(anonymous_14)","line":75,"loc":{"start":{"line":75,"column":35},"end":{"line":75,"column":61}}},"15":{"name":"(anonymous_15)","line":90,"loc":{"start":{"line":90,"column":28},"end":{"line":90,"column":67}}},"16":{"name":"(anonymous_16)","line":91,"loc":{"start":{"line":91,"column":42},"end":{"line":91,"column":65}}},"17":{"name":"(anonymous_17)","line":107,"loc":{"start":{"line":107,"column":13},"end":{"line":107,"column":35}}},"18":{"name":"(anonymous_18)","line":108,"loc":{"start":{"line":108,"column":11},"end":{"line":108,"column":30}}},"19":{"name":"(anonymous_19)","line":115,"loc":{"start":{"line":115,"column":19},"end":{"line":115,"column":42}}},"20":{"name":"render","line":118,"loc":{"start":{"line":118,"column":53},"end":{"line":118,"column":77}}},"21":{"name":"(anonymous_21)","line":147,"loc":{"start":{"line":147,"column":26},"end":{"line":147,"column":38}}},"22":{"name":"(anonymous_22)","line":148,"loc":{"start":{"line":148,"column":19},"end":{"line":148,"column":34}}},"23":{"name":"(anonymous_23)","line":155,"loc":{"start":{"line":155,"column":15},"end":{"line":155,"column":30}}},"24":{"name":"(anonymous_24)","line":157,"loc":{"start":{"line":157,"column":20},"end":{"line":157,"column":37}}},"25":{"name":"(anonymous_25)","line":176,"loc":{"start":{"line":176,"column":19},"end":{"line":176,"column":38}}},"26":{"name":"(anonymous_26)","line":183,"loc":{"start":{"line":183,"column":15},"end":{"line":183,"column":38}}},"27":{"name":"(anonymous_27)","line":198,"loc":{"start":{"line":198,"column":19},"end":{"line":198,"column":38}}},"28":{"name":"(anonymous_28)","line":205,"loc":{"start":{"line":205,"column":15},"end":{"line":205,"column":38}}},"29":{"name":"(anonymous_29)","line":219,"loc":{"start":{"line":219,"column":27},"end":{"line":219,"column":46}}},"30":{"name":"(anonymous_30)","line":227,"loc":{"start":{"line":227,"column":15},"end":{"line":227,"column":38}}},"31":{"name":"(anonymous_31)","line":230,"loc":{"start":{"line":230,"column":38},"end":{"line":230,"column":56}}},"32":{"name":"(anonymous_32)","line":254,"loc":{"start":{"line":254,"column":16},"end":{"line":254,"column":35}}},"33":{"name":"(anonymous_33)","line":258,"loc":{"start":{"line":258,"column":15},"end":{"line":258,"column":32}}},"34":{"name":"(anonymous_34)","line":268,"loc":{"start":{"line":268,"column":24},"end":{"line":268,"column":43}}},"35":{"name":"(anonymous_35)","line":276,"loc":{"start":{"line":276,"column":15},"end":{"line":276,"column":38}}},"36":{"name":"(anonymous_36)","line":279,"loc":{"start":{"line":279,"column":38},"end":{"line":279,"column":56}}}},"statementMap":{"1":{"start":{"line":3,"column":0},"end":{"line":3,"column":23}},"2":{"start":{"line":4,"column":0},"end":{"line":4,"column":34}},"3":{"start":{"line":5,"column":0},"end":{"line":5,"column":27}},"4":{"start":{"line":7,"column":0},"end":{"line":7,"column":45}},"5":{"start":{"line":8,"column":0},"end":{"line":8,"column":33}},"6":{"start":{"line":9,"column":0},"end":{"line":9,"column":238}},"7":{"start":{"line":10,"column":0},"end":{"line":10,"column":82}},"8":{"start":{"line":11,"column":0},"end":{"line":18,"column":2}},"9":{"start":{"line":12,"column":4},"end":{"line":17,"column":11}},"10":{"start":{"line":13,"column":8},"end":{"line":15,"column":9}},"11":{"start":{"line":14,"column":12},"end":{"line":14,"column":30}},"12":{"start":{"line":16,"column":8},"end":{"line":16,"column":21}},"13":{"start":{"line":21,"column":0},"end":{"line":45,"column":2}},"14":{"start":{"line":22,"column":4},"end":{"line":44,"column":6}},"15":{"start":{"line":23,"column":8},"end":{"line":23,"column":29}},"16":{"start":{"line":24,"column":8},"end":{"line":24,"column":42}},"17":{"start":{"line":25,"column":8},"end":{"line":31,"column":10}},"18":{"start":{"line":29,"column":16},"end":{"line":29,"column":61}},"19":{"start":{"line":32,"column":8},"end":{"line":42,"column":10}},"20":{"start":{"line":33,"column":12},"end":{"line":33,"column":32}},"21":{"start":{"line":34,"column":12},"end":{"line":40,"column":14}},"22":{"start":{"line":41,"column":12},"end":{"line":41,"column":67}},"23":{"start":{"line":43,"column":8},"end":{"line":43,"column":17}},"24":{"start":{"line":47,"column":0},"end":{"line":49,"column":2}},"25":{"start":{"line":48,"column":4},"end":{"line":48,"column":87}},"26":{"start":{"line":51,"column":0},"end":{"line":53,"column":2}},"27":{"start":{"line":52,"column":4},"end":{"line":52,"column":124}},"28":{"start":{"line":55,"column":0},"end":{"line":63,"column":2}},"29":{"start":{"line":56,"column":4},"end":{"line":62,"column":11}},"30":{"start":{"line":57,"column":8},"end":{"line":57,"column":43}},"31":{"start":{"line":58,"column":8},"end":{"line":60,"column":68}},"32":{"start":{"line":61,"column":8},"end":{"line":61,"column":54}},"33":{"start":{"line":65,"column":0},"end":{"line":67,"column":2}},"34":{"start":{"line":66,"column":4},"end":{"line":66,"column":76}},"35":{"start":{"line":69,"column":0},"end":{"line":105,"column":2}},"36":{"start":{"line":70,"column":4},"end":{"line":72,"column":5}},"37":{"start":{"line":71,"column":8},"end":{"line":71,"column":56}},"38":{"start":{"line":74,"column":4},"end":{"line":88,"column":6}},"39":{"start":{"line":75,"column":8},"end":{"line":87,"column":15}},"40":{"start":{"line":76,"column":12},"end":{"line":78,"column":13}},"41":{"start":{"line":77,"column":16},"end":{"line":77,"column":78}},"42":{"start":{"line":79,"column":12},"end":{"line":85,"column":13}},"43":{"start":{"line":80,"column":16},"end":{"line":80,"column":36}},"44":{"start":{"line":81,"column":19},"end":{"line":85,"column":13}},"45":{"start":{"line":82,"column":16},"end":{"line":82,"column":84}},"46":{"start":{"line":84,"column":16},"end":{"line":84,"column":129}},"47":{"start":{"line":86,"column":12},"end":{"line":86,"column":26}},"48":{"start":{"line":90,"column":4},"end":{"line":102,"column":6}},"49":{"start":{"line":91,"column":8},"end":{"line":101,"column":15}},"50":{"start":{"line":92,"column":12},"end":{"line":92,"column":43}},"51":{"start":{"line":93,"column":12},"end":{"line":99,"column":13}},"52":{"start":{"line":94,"column":16},"end":{"line":94,"column":42}},"53":{"start":{"line":95,"column":19},"end":{"line":99,"column":13}},"54":{"start":{"line":96,"column":16},"end":{"line":96,"column":74}},"55":{"start":{"line":98,"column":16},"end":{"line":98,"column":98}},"56":{"start":{"line":100,"column":12},"end":{"line":100,"column":26}},"57":{"start":{"line":104,"column":4},"end":{"line":104,"column":114}},"58":{"start":{"line":107,"column":0},"end":{"line":137,"column":2}},"59":{"start":{"line":108,"column":4},"end":{"line":136,"column":6}},"60":{"start":{"line":109,"column":8},"end":{"line":109,"column":32}},"61":{"start":{"line":110,"column":8},"end":{"line":113,"column":10}},"62":{"start":{"line":114,"column":8},"end":{"line":114,"column":42}},"63":{"start":{"line":115,"column":8},"end":{"line":134,"column":10}},"64":{"start":{"line":116,"column":12},"end":{"line":116,"column":32}},"65":{"start":{"line":117,"column":12},"end":{"line":117,"column":53}},"66":{"start":{"line":118,"column":12},"end":{"line":124,"column":15}},"67":{"start":{"line":119,"column":16},"end":{"line":123,"column":17}},"68":{"start":{"line":120,"column":20},"end":{"line":120,"column":113}},"69":{"start":{"line":122,"column":20},"end":{"line":122,"column":127}},"70":{"start":{"line":125,"column":12},"end":{"line":129,"column":14}},"71":{"start":{"line":130,"column":12},"end":{"line":132,"column":13}},"72":{"start":{"line":131,"column":16},"end":{"line":131,"column":38}},"73":{"start":{"line":133,"column":12},"end":{"line":133,"column":87}},"74":{"start":{"line":135,"column":8},"end":{"line":135,"column":17}},"75":{"start":{"line":139,"column":0},"end":{"line":139,"column":29}},"76":{"start":{"line":140,"column":0},"end":{"line":140,"column":31}},"77":{"start":{"line":141,"column":0},"end":{"line":141,"column":33}},"78":{"start":{"line":142,"column":0},"end":{"line":142,"column":33}},"79":{"start":{"line":143,"column":0},"end":{"line":143,"column":31}},"80":{"start":{"line":144,"column":0},"end":{"line":144,"column":27}},"81":{"start":{"line":146,"column":0},"end":{"line":146,"column":39}},"82":{"start":{"line":147,"column":0},"end":{"line":147,"column":55}},"83":{"start":{"line":147,"column":40},"end":{"line":147,"column":52}},"84":{"start":{"line":148,"column":0},"end":{"line":152,"column":2}},"85":{"start":{"line":149,"column":4},"end":{"line":149,"column":32}},"86":{"start":{"line":150,"column":4},"end":{"line":150,"column":40}},"87":{"start":{"line":151,"column":4},"end":{"line":151,"column":13}},"88":{"start":{"line":154,"column":0},"end":{"line":154,"column":31}},"89":{"start":{"line":155,"column":0},"end":{"line":171,"column":2}},"90":{"start":{"line":156,"column":4},"end":{"line":156,"column":28}},"91":{"start":{"line":157,"column":4},"end":{"line":169,"column":6}},"92":{"start":{"line":158,"column":8},"end":{"line":160,"column":9}},"93":{"start":{"line":159,"column":12},"end":{"line":159,"column":24}},"94":{"start":{"line":162,"column":8},"end":{"line":162,"col
[...]
    if (arguments.length < 2 || message.lastIndexOf('%s') >= 0) {","        return util.format.apply(null, [message].concat(Array.prototype.slice.call(arguments, 1)));","    } else {","        return message;","    }","};","","var formatFieldName = function formatFieldName(field) {","    var defaultFieldName = 'This field';","","    // in regular use, labelText is a defined function, but it's not when running tests.","    if (typeof field.labelText === 'function') {","        return field.name ? field.labelText(field.name) : defaultFieldName;","    } else {","        return field.name || defaultFieldName;","    }","};","","exports.matchField = function (match_field, message) {","    var msg = message || 'Does not match %s.';","    return function (form, field, callback) {","        if (form.fields[match_field].data !== field.data) {","            callback(format(msg, match_field));","        } else {","            callback();","        }","    };","};","","exports.matchValue = function (valueGetter, message) {","    if (!is.fn(valueGetter)) {","        throw new TypeError('valueGetter must be a function');","    }","    var msg = message || '%s does not match expected value: \"%s\"';","    return function (form, field, callback) {","        var expected = valueGetter();","        if (field.data !== expected) {","            callback(format(msg, formatFieldName(field), expected));","        } else {","            callback();","        }","    };","};","","exports.required = function (message) {","    var msg = message || '%s is required.';","    return function (form, field, callback) {","        if (trim(field.data || '').length === 0) {","            callback(format(msg, formatFieldName(field)));","        } else {","            callback();","        }","    };","};","","exports.requiresFieldIfEmpty = function (alternate_field, message) {","    var msg = message || 'One of %s or %s is required.';","    var validator = function (form, field, callback) {","        var alternateBlank = trim(form.fields[alternate_field].data || '').length === 0;","        var fieldBlank = trim(field.data || '').length === 0;","        if (alternateBlank && fieldBlank) {","            callback(format(msg, formatFieldName(field), alternate_field));","        } else {","            callback();","        }","    };","    validator.forceValidation = true;","    return validator;","};","","exports.min = function (val, message) {","    var msg = message || 'Please enter a value greater than or equal to %s.';","    return function (form, field, callback) {","        if (field.data >= val) {","            callback();","        } else {","            callback(format(msg, val));","        }","    };","};","","exports.max = function (val, message) {","    var msg = message || 'Please enter a value less than or equal to %s.';","    return function (form, field, callback) {","        if (field.data <= val) {","            callback();","        } else {","            callback(format(msg, val));","        }","    };","};","","exports.range = function (min, max, message) {","    var msg = message || 'Please enter a value between %s and %s.';","    return function (form, field, callback) {","        if (field.data >= min && field.data <= max) {","            callback();","        } else {","            callback(format(msg, min, max));","        }","    };","};","","exports.minlength = function (val, message) {","    var msg = message || 'Please enter at least %s characters.';","    return function (form, field, callback) {","        if (field.data.length >= val) {","            callback();","        } else {","            callback(format(msg, val));","        }","    };","};","","exports.maxlength = function (val, message) {","    var msg = message || 'Please enter no more than %s characters.';","    return function (form, field, callback) {","        if (field.data.length <= val) {","            callback();","        } else {","            callback(format(msg, val));","        }","    };","};","","exports.rangelength = function (min, max, message) {","    var msg = message || 'Please enter a value between %s and %s characters long.';","    return function (form, field, callback) {","        if (field.data.length >= min && field.data.length <= max) {","            callback();","        } else {","            callback(format(msg, min, max));","        }","    };","};","","exports.regexp = function (regex, message) {","    var msg = message || 'Invalid format.';","    var re = new RegExp(regex);","    return function (form, field, callback) {","        if (re.test(field.data)) {","            callback();","        } else {","            callback(msg);","        }","    };","};","","exports.color = function (message) {","    var msg = message || 'Inputs of type \"color\" require hex notation, e.g. #FFF or #ABC123.';","    var re = /^#([0-9A-F]{8}|[0-9A-F]{6}|[0-9A-F]{3})$/i;","    return function (form, field, callback) {","        if (re.test(field.data)) {","            callback();","        } else {","            callback(msg);","        }","    };","};","","exports.email = function (message) {","    var msg = message || 'Please enter a valid email address.';","    // regular expression by Scott Gonzalez:","    // http://projects.scottsplayground.com/email_address_validation/","    // eslint-disable-next-line no-control-regex, no-useless-escape","    return exports.regexp(/^((([a-z]|\\d|[!#\\$%&'\\*\\+\\-\\/=\\?\\^_`{\\|}~]|[\\u00A0-\\uD7FF\\uF900-\\uFDCF\\uFDF0-\\uFFEF])+(\\.([a-z]|\\d|[!#\\$%&'\\*\\+\\-\\/=\\?\\^_`{\\|}~]|[\\u00A0-\\uD7FF\\uF900-\\uFDCF\\uFDF0-\\uFFEF])+)*)|((\\x22)((((\\x20|\\x09)*(\\x0d\\x0a))?(\\x20|\\x09)+)?(([\\x01-\\x08\\x0b\\x0c\\x0e-\\x1f\\x7f]|\\x21|[\\x23-\\x5b]|[\\x5d-\\x7e]|[\\u00A0-\\uD7FF\\uF900-\\uFDCF\\uFDF0-\\uFFEF])|(\\\\([\\x01-\\x09\\x0b\\x0c\\x0d-\\x7f]|[\\u00A0-\\uD7FF\\uF900-\\uFDCF\\uFDF0-\\uFFEF]))))*(((\\x20|\\x09)*(\\x0d\\x0a))?(\\x20|\\x09)+)?(\\x22)))@((([a-z]|\\d|[\\u00A0-\\uD7FF\\uF900-\\uFDCF\\uFDF0-\\uFFEF])|(([a-z]|\\d|[\\u00A0-\\uD7FF\\uF900-\\uFDCF\\uFDF0-\\uFFEF])([a-z]|\\d|-|\\.|_|~|[\\u00A0-\\uD7FF\\uF900-\\uFDCF\\uFDF0-\\uFFEF])*([a-z]|\\d|[\\u00A0-\\uD7FF\\uF900-\\uFDCF\\uFDF0-\\uFFEF])))\\.)+(([a-z]|[\\u00A0-\\uD7FF\\uF900-\\uFDCF\\uFDF0-\\uFFEF])|(([a-z]|[\\u00A0-\\uD7FF\\uF900-\\uFDCF\\uFDF0-\\uFFEF])([a-z]|\\d|-|\\.|_|~|[\\u00A0-\\uD7FF\\uF900-\\uFDCF\\uFDF0-\\uFFEF])*([a-z]|[\\u00A0-\\uD7FF\\uF900-\\uFDCF\\uFDF0-\\uFFEF])))\\.?$/i, msg);","};","","exports.url = function (include_localhost, message) {","    var msg = message || 'Please enter a valid URL.';","    // regular expression by Scott Gonzalez:","    // http://projects.scottsplayground.com/iri/","    // eslint-disable-next-line no-control-regex, no-useless-escape","    var external_regex = /^(https?|ftp):\\/\\/(((([a-z]|\\d|-|\\.|_|~|[\\u00A0-\\uD7FF\\uF900-\\uFDCF\\uFDF0-\\uFFEF])|(%[\\da-f]{2})|[!\\$&'\\(\\)\\*\\+,;=]|:)*@)?(((\\d|[1-9]\\d|1\\d\\d|2[0-4]\\d|25[0-5])\\.(\\d|[1-9]\\d|1\\d\\d|2[0-4]\\d|25[0-5])\\.(\\d|[1-9]\\d|1\\d\\d|2[0-4]\\d|25[0-5])\\.(\\d|[1-9]\\d|1\\d\\d|2[0-4]\\d|25[0-5]))|((([a-z]|\\d|[\\u00A0-\\uD7FF\\uF900-\\uFDCF\\uFDF0-\\uFFEF])|(([a-z]|\\d|[\\u00A0-\\uD7FF\\uF900-\\uFDCF\\uFDF0-\\uFFEF])([a-z]|\\d|-|\\.|_|~|[\\u00A0-\\uD7FF\\uF900-\\uFDCF\\uFDF0-\\uFFEF])*([a-z]|\\d|[\\u00A0-\\uD7FF\\uF900-\\uFDCF\\uFDF0-\\uFFEF])))\\.)+(([a-z]|[\\u00A0-\\uD7FF\\uF900-\\uFDCF\\uFDF0-\\uFFEF])|(([a-z]|[\\u00A0-\\uD7FF\\uF900-\\uFDCF\\uFDF0-\\uFFEF])([a-z]|\\d|-|\\.|_|~|[\\u00A0-\\uD7FF\\uF900-\\uFDCF\\uFDF0-\\uFFEF])*([a-z]|[\\u00A0-\\uD7FF\\uF900-\\uFDCF\\uFDF0-\\uFFEF])))\\.?)(:\\d*)?)(\\/((([a-z]|\\d|-|\\.|_|~|[\\u00A0-\\uD7FF\\uF900-\\uFDCF\\uFDF0-\\uFFEF])|(%[\\da-f]{2})|[!\\$&'\\(\\)\\*\\+,;=]|:|@)+(\\/(([a-z]|\\d|-|\\.|_|~|[\\u00A0-\\uD7FF\\uF900-\\uFDCF\\uFDF0-\\uFFEF])|(%[\\da-f]{2})|[!\\$&'\\(\\)\\*\\+,;=]|:|@)*)*)?)?(\\?((([a-z]|\\d|-|\\.|_|~|[\\u00A0-\\uD7FF\\uF900-\\uFDCF\\uFDF0-\\uFFEF])|(%[\\da-f]{2})|[!\\$&'\\(\\)\\*\\+,;=]|:|@)|[\\uE000-\\uF8FF]|\\/|\\?)*)?(#((([a-z]|\\d|-|\\.|_|~|[\\u00A0-\\uD7FF\\uF900-\\uFDCF\\uFDF0-\\uFFEF])|(%[\\da-f]{2})|[!\\$&'\\(\\)\\*\\+,;=]|:|@)|\\/|\\?)*)?$/i;","    // eslint-disable-next-line no-useless-escape","    var with_localhost_regex = /^(https?|ftp):\\/\\/(localhost|((([a-z]|\\d|-|\\.|_|~|[\\u00A0-\\uD7FF\\uF900-\\uFDCF\\uFDF0-\\uFFEF])|(%[\\da-f]{2})|[!\\$&'\\(\\)\\*\\+,;=]|:)*@)?(((\\d|[1-9]\\d|1\\d\\d|2[0-4]\\d|25[0-5])\\.(\\d|[1-9]\\d|1\\d\\d|2[0-4]\\d|25[0-5])\\.(\\d|[1-9]\\d|1\\d\\d|2[0-4]\\d|25[0-5])\\.(\\d|[1-9]\\d|1\\d\\d|2[0-4]\\d|25[0-5]))|((([a-z]|\\d|[\\u00A0-\\uD7FF\\uF900-\\uFDCF\\uFDF0-\\uFFEF])|(([a-z]|\\d|[\\u00A0-\\uD7FF\\uF900-\\uFDCF\\uFDF0-\\uFFEF])([a-z]|\\d|-|\\.|_|~|[\\u00A0-\\uD7FF\\uF900-\\uFDCF\\uFDF0-\\uFFEF])*([a-z]|\\d|[\\u00A0-\\uD7FF\\uF900-\\uFDCF\\uFDF0-\\uFFEF])))\\.)+(([a-z]|[\\u00A0-\\uD7FF\\uF900-\\uFDCF\\uFDF0-\\uFFEF])|(([a-z]|[\\u00A0-\\uD7FF\\uF900-\\uFDCF\\uFDF0-\\uFFEF])([a-z]|\\d|-|\\.|_|~|[\\u00A0-\\uD7FF\\uF900-\\uFDCF\\uFDF0-\\uFFEF])*([a-z]|[\\u00A0-\\uD7FF\\uF900-\\uFDCF\\uFDF0-\\uFFEF])))\\.?)(:\\d*)?)(\\/((([a-z]|\\d|-|\\.|_|~|[\\u00A0-\\uD7FF\\uF900-\\uFDCF\\uFDF0-\\uFFEF])|(%[\\da-f]{2})|[!\\$&'\\(\\)\\*\\+,;=]|:|@)+(\\/(([a-z]|\\d|-|\\.|_|~|[\\u00A0-\\uD7FF\\uF900-\\uFDCF\\uFDF0-\\uFFEF])|(%[\\da-f]{2})|[!\\$&'\\(\\)\\*\\+,;=]|:|@)*)*)?)?(\\?((([a-z]|\\d|-|\\.|_|~|[\\u00A0-\\uD7FF\\uF900-\\uFDCF\\uFDF0-\\uFFEF])|(%[\\da-f]{2})|[!\\$&'\\(\\)\\*\\+,;=]|:|@)|[\\uE000-\\uF8FF]|\\/|\\?)*)?(#((([a-z]|\\d|-|\\.|_|~|[\\u00A0-\\uD7FF\\uF900-\\uFDCF\\uFDF0-\\uFFEF])|(%[\\da-f]{2})|[!\\$&'\\(\\)\\*\\+,;=]|:|@)|\\/|\\?)*)?$/i;","    return exports.regexp(include_localhost ? with_localhost_regex : external_regex, msg);","};","","exports.date = function (message) {","    var msg = message || 'Inputs of type \"date\" must be valid dates in the format \"yyyy-mm-dd\"';","    var numberRegex = /^[0-9]+$/,","        invalidDate = new Date('z');","    return function (form, field, callback) {","        var parts = field.data ? field.data.split('-') : [];","        var allNumbers = parts.every(function (part) { return numberRegex.test(part); });","        var date = allNumbers && parts.length === 3 ? new Date(parts[0], parts[1] - 1, parts[2]) : invalidDate;","        if (!isNaN(date.getTime())) {","            callback();","        } else {","            callback(msg);","        }","    };","};","","exports.alphanumeric = function (message) {","    return exports.regexp(/^[a-zA-Z0-9]*$/, message || 'Letters and numbers only.');","};","","exports.digits = function (message) {","    return exports.regexp(/^\\d+$/, message || 'Numbers only.');","};","","exports.integer = function (message) {","    return exports.regexp(/^-?\\d+$/, message || 'Please enter an integer value.');","};",""],"l":{"3":1,"4":1,"5":1,"7":1,"8":0,"9":0,"11":0,"15":1,"16":0,"19":0,"20":0,"22":0,"26":1,"27":0,"28":0,"29":0,"30":0,"32":0,"37":1,"38":0,"39":0,"41":0,"42":0,"43":0,"44":0,"45":0,"47":0,"52":1,"53":0,"54":0,"55":0,"56":0,"58":0,"63":1,"64":0,"65":0,"66":0,"67":0,"68":0,"69":0,"71":0,"74":0,"75":0,"78":1,"79":0,"80":0,"81":0,"82":0,"84":0,"89":1,"90":0,"91":0,"92":0,"93":0,"95":0,"100":1,"101":0,"102":0,"103":0,"104":0,"106":0,"111":1,"112":0,"113":0,"114":0,"115":0,"117":0,"122":1,"123":0,"124":0,"125":0,"126":0,"128":0,"133":1,"134":0,"135":0,"136":0,"137":0,"139":0,"144":1,"145":0,"146":0,"147":0,"148":0,"149":0,"151":0,"156":1,"157":0,"158":0,"159":0,"160":0,"161":0,"163":0,"168":1,"169":0,"173":0,"176":1,"177":0,"181":0,"183":0,"184":0,"187":1,"188":0,"189":0,"191":0,"192":0,"193":0,"194":0,"195":0,"196":0,"198":0,"203":1,"204":0,"207":1,"208":0,"211":1,"212":0}},"/home/travis/build/npmtest/node-npmtest-forms/node_modules/forms/lib/render.js":{"path":"/home/travis/build/npmtest/node-npmtest-forms/node_modules/forms/lib/render.js","s":{"1":1,"2":1,"3":3,"4":0,"5":0,"6":0,"7":0,"8":0,"9":0,"10":0,"11":0,"12":0,"13":0,"14":0,"15":0,"16":0,"17":0,"18":0,"19":0,"20":0,"21":0,"22":0,"23":0,"24":1,"25":1,"26":1,"27":1,"28":0,"29":0,"30":0,"31":0,"32":0,"33":0,"34":0,"35":0,"36":0,"37":0},"b":{"1":[0,0],"2":[0,0],"3":[0,0],"4":[0,0],"5":[0,0],"6":[0,0],"7":[0,0],"8":[0,0],"9":[0,0],"10":[0,0],"11":[0,0],"12":[0,0],"13":[0,0]},"f":{"1":3,"2":0,"3":0},"fnMap":{"1":{"name":"(anonymous_1)","line":4,"loc":{"start":{"line":4,"column":15},"end":{"line":4,"column":34}}},"2":{"name":"(anonymous_2)","line":5,"loc":{"start":{"line":5,"column":11},"end":{"line":5,"column":43}}},"3":{"name":"(anonymous_3)","line":45,"loc":{"start":{"line":45,"column":16},"end":{"line":45,"column":48}}}},"statementMap":{"1":{"start":{"line":3,"column":0},"end":{"line":3,"column":27}},"2":{"start":{"line":4,"column":0},"end":{"line":40,"column":2}},"3":{"start":{"line":5,"column":4},"end":{"line":39,"column":6}},"4":{"start":{"line":6,"column":8},"end":{"line":6,"column":32}},"5":{"start":{"line":7,"column":8},"end":{"line":7,"column":32}},"6":{"start":{"line":8,"column":8},"end":{"line":8,"column":63}},"7":{"start":{"line":9,"column":8},"end":{"line":37,"column":9}},"8":{"start":{"line":10,"column":12},"end":{"line":10,"column":48}},"9":{"start":{"line":11,"column":12},"end":{"line":13,"column":13}},"10":{"start":{"line":12,"column":16},"end":{"line":12,"column":90}},"11":{"start":{"line":14,"column":12},"end":{"line":14,"column":46}},"12":{"start":{"line":15,"column":12},"end":{"line":17,"column":13}},"13":{"start":{"line":16,"column":16},"end":{"line":16,"column":84}},"14":{"start":{"line":19,"column":12},"end":{"line":24,"column":30}},"15":{"start":{"line":25,"column":12},"end":{"line":25,"column":42}},"16":{"start":{"line":27,"column":12},"end":{"line":27,"column":97}},"17":{"start":{"line":28,"column":12},"end":{"line":30,"column":13}},"18":{"start":{"line":29,"column":16},"end":{"line":29,"column":37}},"19":{"start":{"line":31,"column":12},"end":{"line":35,"column":13}},"20":{"start":{"line":32,"column":16},"end":{"line":32,"column":43}},"21":{"start":{"line":34,"column":16},"end":{"line":34,"column":46}},"22":{"start":{"line":36,"column":12},"end":{"line":36,"column":63}},"23":{"start":{"line":38,"column":8},"end":{"line":38,"column":89}},"24":{"start":{"line":41,"column":0},"end":{"line":41,"column":30}},"25":{"start":{"line":42,"column":0},"end":{"line":42,"column":26}},"26":{"start":{"line":43,"column":0},"end":{"line":43,"column":28}},"27":{"start":{"line":45,"column":0},"end":{"line":64,"column":2}},"28":{"start":{"line":46,"column":4},"end":{"line":46,"column":28}},"29":{"start":{"line":48,"column":4},"end":{"line":48,"column":66}},"30":{"start":{"line":50,"column":4},"end":{"line":50,"column":53}},"31":{"start":{"line":52,"column":4},"end":{"line":59,"column":5}},"32":{"start":{"line":53,"column":8},"end":{"line":53,"column":42}},"33":{"start":{"line":54,"column":8},"end":{"line":58,"column":9}},"34":{"start":{"line":55,"column":12},"end":{"line":55,"column":35}},"35":{"start":{"line":57,"column":12},"end":{"line":57,"column":46}},"36":{"start":{"line":61,"column":4},"end":{"line":61,"column":44}},"37":{"start":{"line":63,"column":4},"end":{"line":63,"column":66}}},"branchMap":{"1":{"line":6,"type":"binary-expr","locations":[{"start":{"line":6,"column":18},"end":{"line":6,"column":25}},{"start":{"line":6,"column":29},"end":{"line":6,"column":31}}]},"2":{"line":8,"type":"cond-expr","locations":[{"start":{"line":8,"column":40},"end":{"line":8,"column":42}},{"start":{"line":8,"column":45},"end":{"line":8,"column":62}}]},"3":{"line":9,"type":"if","locations":[{"start":{"line":9,"column":8},"end":{"line":9,"column":8}},{"start":{"line":9,"column":8},"end":{"line":9,"column":8}}]},"4":{"line":9,"type":"binary-expr","locations":[{"start":{"line":9,"column":12},"end":{"line":9,"column":52}},{"start":{"line":9,"column":56},"end":{"line":9,"column":93}}]},"5":{"line":11,"type":"if","locations":[{"start":{"line":11,"column":12},"end":{"line":11,"column":12}},{"start":{"line":11,"column":12},"end":{"line":11,"column":12}}]},"6":{"line":15,"type":"if","locations":[{"start":{"line":15,"column":12},"end":{"line":15,"column":12}},{"start":{"line":15,"column":12},"end":{"line":15,"column":12}}]},"7":{"line":21,"type":"cond-expr","locations":[{"start":{"line":21,"column":38},"end":{"line":21,"column":40}},{"start":{"line":21,"column":43},"end":{"line":21,"column":52}}]},"8":{"line":23,"type":"cond-expr","locations":[{"start":{"line":23,"column":38},"end":{"line":23,"column":47}},{"start":{"line":23,"column":50},"end":{"line":23,"column":52}}]},"9":{"line":28,"type":"if","locations":[{"start":{"line":28,"column":12},"end":{"line":28,"column":12}},{"start":{"line":28,"column":12},"end":{"line":28,"column":12}}]},"10":{"line":31,"type":"if","locations":[{"start":{"line":31,"column":12},"end":{"line":31,"column":12}},{"start":{"line":31,"column":12},"end":{"line":31,"column":12}}]},"11":{"line":46,"type":"binary-expr","locations":[{"start":{"line":46,"column":14},"end":{"line":46,"column":21}},{"start":{"line":46,"column":25},"end":{"line":46,"column":27}}]},"12":{"line":52,"type":"if","locations":[{"start":{"line":52,"column":4},"end":{"line":52,"column":4}},{"start":{"line":52,"column":4},"end":{"line":52,"column":4}}]},"13":{"line":54,"type":"if","locations":[{"start":{"line":54,"column":8},"end":{"line":54,"column":8}},{"start":{"line":54,"column":8},"end":{"line":54,"column":8}}]}},"code":["'use strict';","","var tag = require('./tag');","var wrapWith = function (tagName) {","    return function (name, field, options) {","        var opt = options || {};","        var wrappedContent = [];","        var errorHTML = opt.hideError ? '' : field.errorHTML();","        if (field.widget.type === 'multipleCheckbox' || field.widget.type === 'multipleRadio') {","            var fieldsetAttrs = { classes: [] };","            if (opt.fieldsetClasses) {","                fieldsetAttrs.classes = fieldsetAttrs.classes.concat(opt.fieldsetClasses);","            }","            var legendAttrs = { classes: [] };","            if (opt.legendClasses) {","                legendAttrs.classes = legendAttrs.classes.concat(opt.legendClasses);","            }","","            var fieldset = tag('fieldset', fieldsetAttrs, [","                tag('legend', legendAttrs, field.labelText(name)),","                opt.errorAfterField ? '' : errorHTML,","                field.widget.toHTML(name, field),","                opt.errorAfterField ? errorHTML : ''","            ].join(''), true);","            wrappedContent.push(fieldset);","        } else {","            var fieldHTMLs = [field.labelHTML(name, field.id), field.widget.toHTML(name, field)];","            if (opt.labelAfterField) {","                fieldHTMLs.reverse();","            }","            if (opt.errorAfterField) {","                fieldHTMLs.push(errorHTML);","            } else {","                fieldHTMLs.unshift(errorHTML);","            }","            wrappedContent = wrappedContent.concat(fieldHTMLs);","        }","        return tag(tagName, { classes: field.classes() }, wrappedContent.join(''), true);","    };","};","exports.div = wrapWith('div');","exports.p = wrapWith('p');","exports.li = wrapWith('li');","","exports.table = function (name, field, options) {","    var opt = options || {};","","    var th = tag('th', {}, field.labelHTML(name, field.id), true);","","    var tdContent = field.widget.toHTML(name, field);","","    if (!opt.hideError) {","        var errorHTML = field.errorHTML();","        if (opt.errorAfterField) {","            tdContent += errorHTML;","        } else {","            tdContent = errorHTML + tdContent;","        }","    }","","    var td = tag('td', {}, tdContent, true);","","    return tag('tr', { classes: field.classes() }, th + td, true);","};",""],"l":{"3":1,"4":1,"5":3,"6":0,"7":0,"8":0,"9":0,"10":0,"11":0,"12":0,"14":0,"15":0,"16":0,"19":0,"25":0,"27":0,"28":0,"29":0,"31":0,"32":0,"34":0,"36":0,"38":0,"41":1,"42":1,"43":1,"45":1,"46":0,"48":0,"50":0,"52":0,"53":0,"54":0,"55":0,"57":0,"61":0,"63":0}}}